<?xml version="1.0" encoding="UTF-8"?>
<!-- Generated by org.testng.reporters.JUnitXMLReporter -->
<<<<<<< Updated upstream
<testsuite ignored="0" hostname="Gourav" failures="0" tests="3" name="Default test" time="0.098" errors="0" timestamp="2024-04-16T11:13:16 IST">
  <testcase classname="qa.test.VerifySection50Application" name="@BeforeTest beforeTestMethod" time="-1.713246196104E9">
    <failure type="org.testng.TestNGException" message="
Parameter &amp;apos;browser&amp;apos; is required by BeforeTest on method beforeTestMethod but has not been marked @Optional or defined
in C:\Users\Gaurav\AppData\Local\Temp\testng-eclipse-1421367612\testng-customsuite.xml">
      <![CDATA[org.testng.TestNGException: 
Parameter 'browser' is required by BeforeTest on method beforeTestMethod but has not been marked @Optional or defined
in C:\Users\Gaurav\AppData\Local\Temp\testng-eclipse-1421367612\testng-customsuite.xml
=======
<testsuite ignored="7" hostname="Gourav" failures="0" tests="1" name="Default test" time="0.1" errors="0" timestamp="2024-05-08T15:36:11 IST">
  <testcase classname="common_files.TestSec50UatSfbo" name="@BeforeTest beforeTestMethod" time="-1.715162771562E9">
    <failure type="org.testng.TestNGException" message="
Parameter &amp;apos;browser&amp;apos; is required by BeforeTest on method beforeTestMethod but has not been marked @Optional or defined
in C:\Users\Gaurav\AppData\Local\Temp\testng-eclipse-1759670120\testng-customsuite.xml">
      <![CDATA[org.testng.TestNGException: 
Parameter 'browser' is required by BeforeTest on method beforeTestMethod but has not been marked @Optional or defined
in C:\Users\Gaurav\AppData\Local\Temp\testng-eclipse-1759670120\testng-customsuite.xml
>>>>>>> Stashed changes
at org.testng.internal.Parameters.createParams(Parameters.java:267)
at org.testng.internal.Parameters.createParametersForMethod(Parameters.java:355)
at org.testng.internal.Parameters.createParameters(Parameters.java:684)
at org.testng.internal.Parameters.createConfigurationParameters(Parameters.java:166)
at org.testng.internal.invokers.ConfigInvoker.invokeConfigurations(ConfigInvoker.java:306)
at org.testng.TestRunner.invokeTestConfigurations(TestRunner.java:663)
at org.testng.TestRunner.beforeRun(TestRunner.java:652)
at org.testng.TestRunner.run(TestRunner.java:614)
at org.testng.SuiteRunner.runTest(SuiteRunner.java:443)
at org.testng.SuiteRunner.runSequentially(SuiteRunner.java:437)
at org.testng.SuiteRunner.privateRun(SuiteRunner.java:397)
at org.testng.SuiteRunner.run(SuiteRunner.java:336)
at org.testng.SuiteRunnerWorker.runSuite(SuiteRunnerWorker.java:52)
at org.testng.SuiteRunnerWorker.run(SuiteRunnerWorker.java:95)
at org.testng.TestNG.runSuitesSequentially(TestNG.java:1280)
at org.testng.TestNG.runSuitesLocally(TestNG.java:1200)
at org.testng.TestNG.runSuites(TestNG.java:1114)
at org.testng.TestNG.run(TestNG.java:1082)
at org.testng.remote.AbstractRemoteTestNG.run(AbstractRemoteTestNG.java:115)
at org.testng.remote.RemoteTestNG.initAndRun(RemoteTestNG.java:251)
at org.testng.remote.RemoteTestNG.main(RemoteTestNG.java:77)
]]>
    </failure>
  </testcase> <!-- @BeforeTest beforeTestMethod -->
  <testcase classname="base.BaseTest" name="@AfterMethod afterMethod" time="0.0">
    <skipped/>
  </testcase> <!-- @AfterMethod afterMethod -->
  <testcase classname="base.BaseTest" name="@AfterMethod afterMethod" time="0.0">
    <skipped/>
  </testcase> <!-- @AfterMethod afterMethod -->
  <testcase classname="base.BaseTest" name="@AfterMethod afterMethod" time="0.0">
    <skipped/>
  </testcase> <!-- @AfterMethod afterMethod -->
  <testcase classname="base.BaseTest" name="@AfterTest afterTest" time="0.0">
    <skipped/>
  </testcase> <!-- @AfterTest afterTest -->
<<<<<<< Updated upstream
  <testcase classname="qa.test.VerifySection50Application" name="OpenWestminsterBoUrl" time="0.001">
=======
  <testcase classname="common_files.TestSec50UatSfbo" name="addDeclarations" time="0.0">
>>>>>>> Stashed changes
    <skipped/>
  </testcase> <!-- addDeclarations -->
  <testcase classname="common_files.TestSec50UatSfbo" name="fillOperatorDetails" time="0.0">
    <ignored/>
  </testcase> <!-- fillOperatorDetails -->
  <testcase classname="common_files.TestSec50UatSfbo" name="fillSupervisorDetails" time="0.0">
    <ignored/>
  </testcase> <!-- fillSupervisorDetails -->
  <testcase classname="common_files.TestSec50UatSfbo" name="fillBusinessDetails" time="0.0">
    <ignored/>
  </testcase> <!-- fillBusinessDetails -->
  <testcase classname="common_files.TestSec50UatSfbo" name="fillingApplicationDates" time="0.0">
    <ignored/>
  </testcase> <!-- fillingApplicationDates -->
  <testcase classname="common_files.TestSec50UatSfbo" name="OpenWestminsterBoUrl" time="0.0">
    <ignored/>
  </testcase> <!-- OpenWestminsterBoUrl -->
<<<<<<< Updated upstream
  <testcase classname="qa.test.VerifySection50Application" name="performActionOnDashboard" time="0.001">
    <skipped/>
  </testcase> <!-- performActionOnDashboard -->
  <testcase classname="qa.test.VerifySection50Application" name="checkApplicationName" time="0.0">
    <skipped/>
  </testcase> <!-- checkApplicationName -->
=======
  <testcase classname="common_files.TestSec50UatSfbo" name="fillAboutTheWorkSection" time="0.0">
    <ignored/>
  </testcase> <!-- fillAboutTheWorkSection -->
  <testcase classname="common_files.TestSec50UatSfbo" name="fillingSiteDetails" time="0.0">
    <ignored/>
  </testcase> <!-- fillingSiteDetails -->
>>>>>>> Stashed changes
</testsuite> <!-- Default test -->
