<?xml version="1.0" encoding="UTF-8"?>
<!-- Generated by org.testng.reporters.JUnitXMLReporter -->
<testsuite ignored="1" hostname="Gourav" failures="0" tests="20" name="TestSuite3" time="0.342" errors="0" timestamp="2024-05-20T02:17:42 IST">
  <testcase classname="qa.test.TestSec50UatSf" name="@BeforeTest beforeTestMethod" time="-1.716151661979E9">
    <failure type="org.testng.TestNGException" message="
Parameter &amp;apos;browser&amp;apos; is required by BeforeTest on method beforeTestMethod but has not been marked @Optional or defined
in Z:\Sysnomy\Appl\WestminsterBo\testng.xml">
      <![CDATA[org.testng.TestNGException: 
Parameter 'browser' is required by BeforeTest on method beforeTestMethod but has not been marked @Optional or defined
in Z:\Sysnomy\Appl\WestminsterBo\testng.xml
at java.base/java.util.concurrent.FutureTask.run(FutureTask.java:264)
at java.base/java.util.concurrent.ThreadPoolExecutor.runWorker(ThreadPoolExecutor.java:1136)
at java.base/java.util.concurrent.ThreadPoolExecutor$Worker.run(ThreadPoolExecutor.java:635)
at java.base/java.lang.Thread.run(Thread.java:833)
... Removed 11 stack frames]]>
    </failure>
  </testcase> <!-- @BeforeTest beforeTestMethod -->
  <testcase classname="qa.test.TestSec50UatSfbo" name="@BeforeTest beforeTestMethod" time="0.0">
    <skipped/>
  </testcase> <!-- @BeforeTest beforeTestMethod -->
  <testcase classname="base.BaseTest" name="@AfterMethod afterMethod" time="0.0">
    <skipped/>
  </testcase> <!-- @AfterMethod afterMethod -->
  <testcase classname="base.BaseTest" name="@AfterMethod afterMethod" time="0.0">
    <skipped/>
  </testcase> <!-- @AfterMethod afterMethod -->
  <testcase classname="base.BaseTest" name="@AfterMethod afterMethod" time="0.0">
    <skipped/>
  </testcase> <!-- @AfterMethod afterMethod -->
  <testcase classname="base.BaseTest" name="@AfterMethod afterMethod" time="0.0">
    <skipped/>
  </testcase> <!-- @AfterMethod afterMethod -->
  <testcase classname="base.BaseTest" name="@AfterMethod afterMethod" time="0.0">
    <skipped/>
  </testcase> <!-- @AfterMethod afterMethod -->
  <testcase classname="base.BaseTest" name="@AfterMethod afterMethod" time="0.0">
    <skipped/>
  </testcase> <!-- @AfterMethod afterMethod -->
  <testcase classname="base.BaseTest" name="@AfterMethod afterMethod" time="0.0">
    <skipped/>
  </testcase> <!-- @AfterMethod afterMethod -->
  <testcase classname="base.BaseTest" name="@AfterMethod afterMethod" time="0.0">
    <skipped/>
  </testcase> <!-- @AfterMethod afterMethod -->
  <testcase classname="base.BaseTest" name="@AfterMethod afterMethod" time="0.0">
    <skipped/>
  </testcase> <!-- @AfterMethod afterMethod -->
  <testcase classname="base.BaseTest" name="@AfterMethod afterMethod" time="0.0">
    <skipped/>
  </testcase> <!-- @AfterMethod afterMethod -->
  <testcase classname="base.BaseTest" name="@AfterMethod afterMethod" time="0.0">
    <skipped/>
  </testcase> <!-- @AfterMethod afterMethod -->
  <testcase classname="base.BaseTest" name="@AfterMethod afterMethod" time="0.0">
    <skipped/>
  </testcase> <!-- @AfterMethod afterMethod -->
  <testcase classname="base.BaseTest" name="@AfterMethod afterMethod" time="0.0">
    <skipped/>
  </testcase> <!-- @AfterMethod afterMethod -->
  <testcase classname="base.BaseTest" name="@AfterMethod afterMethod" time="0.0">
    <skipped/>
  </testcase> <!-- @AfterMethod afterMethod -->
  <testcase classname="base.BaseTest" name="@AfterMethod afterMethod" time="0.0">
    <skipped/>
  </testcase> <!-- @AfterMethod afterMethod -->
  <testcase classname="base.BaseTest" name="@AfterMethod afterMethod" time="0.0">
    <skipped/>
  </testcase> <!-- @AfterMethod afterMethod -->
  <testcase classname="base.BaseTest" name="@AfterTest afterTest" time="0.0">
    <skipped/>
  </testcase> <!-- @AfterTest afterTest -->
  <testcase classname="qa.test.TestSec50TestServerSf" name="OpenWestminsterBoUrl" time="0.001">
    <skipped/>
  </testcase> <!-- OpenWestminsterBoUrl -->
  <testcase classname="qa.test.TestSec50TestServerSfbo" name="OpenWestminsterBoUrl" time="0.0">
    <skipped/>
  </testcase> <!-- OpenWestminsterBoUrl -->
  <testcase classname="qa.test.TestSec50TestServerSf" name="confirmInformationTrue" time="0.0">
    <skipped/>
  </testcase> <!-- confirmInformationTrue -->
  <testcase classname="qa.test.TestSec50TestServerSfbo" name="fillBusinessDetails" time="0.0">
    <skipped/>
  </testcase> <!-- fillBusinessDetails -->
  <testcase classname="qa.test.TestSec50TestServerSf" name="fillingApplicationDates" time="0.002">
    <skipped/>
  </testcase> <!-- fillingApplicationDates -->
  <testcase classname="qa.test.TestSec50TestServerSfbo" name="fillingApplicationDates" time="0.0">
    <skipped/>
  </testcase> <!-- fillingApplicationDates -->
  <testcase classname="qa.test.TestSec50TestServerSf" name="fillingSiteDetails" time="0.0">
    <skipped/>
  </testcase> <!-- fillingSiteDetails -->
  <testcase classname="qa.test.TestSec50TestServerSfbo" name="fillingSiteDetails" time="0.0">
    <skipped/>
  </testcase> <!-- fillingSiteDetails -->
  <testcase classname="qa.test.TestSec50TestServerSf" name="fillAboutTheWorkSection" time="0.0">
    <skipped/>
  </testcase> <!-- fillAboutTheWorkSection -->
  <testcase classname="qa.test.TestSec50TestServerSfbo" name="fillAboutTheWorkSection" time="0.0">
    <skipped/>
  </testcase> <!-- fillAboutTheWorkSection -->
  <testcase classname="qa.test.TestSec50TestServerSf" name="fillSupervisorDetails" time="0.0">
    <skipped/>
  </testcase> <!-- fillSupervisorDetails -->
  <testcase classname="qa.test.TestSec50TestServerSfbo" name="fillSupervisorDetails" time="0.0">
    <skipped/>
  </testcase> <!-- fillSupervisorDetails -->
  <testcase classname="qa.test.TestSec50TestServerSf" name="fillOperatorDetails" time="0.0">
    <skipped/>
  </testcase> <!-- fillOperatorDetails -->
  <testcase classname="qa.test.TestSec50TestServerSfbo" name="fillOperatorDetails" time="0.0">
    <skipped/>
  </testcase> <!-- fillOperatorDetails -->
  <testcase classname="qa.test.TestSec50TestServerSf" name="addDeclarations" time="0.0">
    <skipped/>
  </testcase> <!-- addDeclarations -->
  <testcase classname="qa.test.TestSec50TestServerSfbo" name="addDeclarations" time="0.001">
    <skipped/>
  </testcase> <!-- addDeclarations -->
  <testcase classname="qa.test.TestSec50TestServerSf" name="checkOrderSummary" time="0.0">
    <skipped/>
  </testcase> <!-- checkOrderSummary -->
  <testcase classname="qa.test.TestSec50TestServerSfbo" name="checkOrderSummary" time="0.0">
    <skipped/>
  </testcase> <!-- checkOrderSummary -->
  <testcase classname="qa.test.TestSec50TestServerSf" name="payFees" time="0.001">
    <skipped/>
  </testcase> <!-- payFees -->
  <testcase classname="qa.test.TestSec50TestServerSfbo" name="payFees" time="0.0">
    <skipped/>
  </testcase> <!-- payFees -->
  <testcase classname="base.BaseTest" name="@AfterTest afterTest" time="0.0">
    <ignored/>
  </testcase> <!-- @AfterTest afterTest -->
</testsuite> <!-- TestSuite3 -->
