<html>
<head>
<title>TestNG:  TestSuite1</title>
<link href="../testng.css" rel="stylesheet" type="text/css" />
<link href="../my-testng.css" rel="stylesheet" type="text/css" />

<style type="text/css">
.log { display: none;} 
.stack-trace { display: none;} 
</style>
<script type="text/javascript">
<!--
function flip(e) {
  current = e.style.display;
  if (current == 'block') {
    e.style.display = 'none';
    return 0;
  }
  else {
    e.style.display = 'block';
    return 1;
  }
}

function toggleBox(szDivId, elem, msg1, msg2)
{
  var res = -1;  if (document.getElementById) {
    res = flip(document.getElementById(szDivId));
  }
  else if (document.all) {
    // this is the way old msie versions work
    res = flip(document.all[szDivId]);
  }
  if(elem) {
    if(res == 0) elem.innerHTML = msg1; else elem.innerHTML = msg2;
  }

}

function toggleAllBoxes() {
  if (document.getElementsByTagName) {
    d = document.getElementsByTagName('div');
    for (i = 0; i < d.length; i++) {
      if (d[i].className == 'log') {
        flip(d[i]);
      }
    }
  }
}

// -->
</script>

</head>
<body>
<h2 align='center'>TestSuite1</h2><table border='1' align="center">
<tr>
<td>Tests passed/Failed/Skipped:</td><td>0/0/15</td>
</tr><tr>
<td>Started on:</td><td>Mon May 20 02:17:41 IST 2024</td>
</tr>
<tr><td>Total time:</td><td>0 seconds (311 ms)</td>
</tr><tr>
<td>Included groups:</td><td></td>
</tr><tr>
<td>Excluded groups:</td><td></td>
</tr>
</table><p/>
<small><i>(Hover the method name to see the test class name)</i></small><p/>
<table width='100%' border='1' class='invocation-failed'>
<tr><td colspan='4' align='center'><b>FAILED CONFIGURATIONS</b></td></tr>
<tr><td><b>Test method</b></td>
<td><b>Attribute(s)</b></td>
<td width="30%"><b>Exception</b></td>
<td width="10%"><b>Time (seconds)</b></td>
<td><b>Instance</b></td>
</tr>
<tr>
<td title='qa.test.TestPremiseAppTestServerSf.beforeTestMethod()'><b>beforeTestMethod</b><br>Test class: qa.test.TestPremiseAppTestServerSf</td>
<td><div><pre>org.testng.TestNGException: 
Parameter &apos;browser&apos; is required by BeforeTest on method beforeTestMethod but has not been marked @Optional or defined
in Z:\Sysnomy\Appl\WestminsterBo\testng.xml
	at java.base/java.util.concurrent.FutureTask.run(FutureTask.java:264)
	at java.base/java.util.concurrent.ThreadPoolExecutor.runWorker(ThreadPoolExecutor.java:1136)
	at java.base/java.util.concurrent.ThreadPoolExecutor$Worker.run(ThreadPoolExecutor.java:635)
	at java.base/java.lang.Thread.run(Thread.java:833)
... Removed 11 stack frames</pre></div><a href='#' onClick='toggleBox("stack-trace73470242", this, "Click to show all stack frames", "Click to hide stack frames")'>Click to show all stack frames</a>
<div class='stack-trace' id='stack-trace73470242'><pre>org.testng.TestNGException: 
Parameter &apos;browser&apos; is required by BeforeTest on method beforeTestMethod but has not been marked @Optional or defined
in Z:\Sysnomy\Appl\WestminsterBo\testng.xml
	at org.testng.internal.Parameters.createParams(Parameters.java:267)
	at org.testng.internal.Parameters.createParametersForMethod(Parameters.java:355)
	at org.testng.internal.Parameters.createParameters(Parameters.java:684)
	at org.testng.internal.Parameters.createConfigurationParameters(Parameters.java:166)
	at org.testng.internal.invokers.ConfigInvoker.invokeConfigurations(ConfigInvoker.java:306)
	at org.testng.TestRunner.invokeTestConfigurations(TestRunner.java:663)
	at org.testng.TestRunner.beforeRun(TestRunner.java:652)
	at org.testng.TestRunner.run(TestRunner.java:614)
	at org.testng.SuiteRunner.runTest(SuiteRunner.java:443)
	at org.testng.SuiteRunner$SuiteWorker.run(SuiteRunner.java:481)
	at org.testng.internal.thread.ThreadUtil.lambda$execute$0(ThreadUtil.java:58)
	at java.base/java.util.concurrent.FutureTask.run(FutureTask.java:264)
	at java.base/java.util.concurrent.ThreadPoolExecutor.runWorker(ThreadPoolExecutor.java:1136)
	at java.base/java.util.concurrent.ThreadPoolExecutor$Worker.run(ThreadPoolExecutor.java:635)
	at java.base/java.lang.Thread.run(Thread.java:833)
</pre></div></td>
<td>-1716151661</td>
<td>qa.test.TestPremiseAppTestServerSf@645aa696</td></tr>
</table><p>
<table width='100%' border='1' class='invocation-skipped'>
<tr><td colspan='4' align='center'><b>SKIPPED CONFIGURATIONS</b></td></tr>
<tr><td><b>Test method</b></td>
<td><b>Attribute(s)</b></td>
<td width="30%"><b>Exception</b></td>
<td width="10%"><b>Time (seconds)</b></td>
<td><b>Instance</b></td>
</tr>
<tr>
<td title='qa.test.TestPremiseAppTestServerSf.afterMethod()'><b>afterMethod</b><br>Test class: qa.test.TestPremiseAppTestServerSf</td>
<td></td>
<td>0</td>
<td>qa.test.TestPremiseAppTestServerSf@645aa696</td></tr>
<tr>
<td title='qa.test.TestPremiseAppTestServerSfbo.beforeTestMethod()'><b>beforeTestMethod</b><br>Test class: qa.test.TestPremiseAppTestServerSfbo</td>
<td></td>
<td>0</td>
<td>qa.test.TestPremiseAppTestServerSfbo@353352b6</td></tr>
<tr>
<td title='qa.test.TestPremiseAppTestServerSfbo.afterMethod()'><b>afterMethod</b><br>Test class: qa.test.TestPremiseAppTestServerSfbo</td>
<td></td>
<td>0</td>
<td>qa.test.TestPremiseAppTestServerSfbo@353352b6</td></tr>
<tr>
<td title='qa.test.TestPremiseAppTestServerSfbo.afterMethod()'><b>afterMethod</b><br>Test class: qa.test.TestPremiseAppTestServerSfbo</td>
<td></td>
<td>0</td>
<td>qa.test.TestPremiseAppTestServerSfbo@353352b6</td></tr>
<tr>
<td title='qa.test.TestPremiseAppTestServerSfbo.afterMethod()'><b>afterMethod</b><br>Test class: qa.test.TestPremiseAppTestServerSfbo</td>
<td></td>
<td>0</td>
<td>qa.test.TestPremiseAppTestServerSfbo@353352b6</td></tr>
<tr>
<td title='qa.test.TestPremiseAppTestServerSfbo.afterMethod()'><b>afterMethod</b><br>Test class: qa.test.TestPremiseAppTestServerSfbo</td>
<td></td>
<td>0</td>
<td>qa.test.TestPremiseAppTestServerSfbo@353352b6</td></tr>
<tr>
<td title='qa.test.TestPremiseAppTestServerSfbo.afterMethod()'><b>afterMethod</b><br>Test class: qa.test.TestPremiseAppTestServerSfbo</td>
<td></td>
<td>0</td>
<td>qa.test.TestPremiseAppTestServerSfbo@353352b6</td></tr>
<tr>
<td title='qa.test.TestPremiseAppTestServerSf.afterTest()'><b>afterTest</b><br>Test class: qa.test.TestPremiseAppTestServerSf</td>
<td></td>
<td>0</td>
<td>qa.test.TestPremiseAppTestServerSf@645aa696</td></tr>
<tr>
<td title='qa.test.TestPremiseAppTestServerSfbo.afterMethod()'><b>afterMethod</b><br>Test class: qa.test.TestPremiseAppTestServerSfbo</td>
<td></td>
<td>0</td>
<td>qa.test.TestPremiseAppTestServerSfbo@353352b6</td></tr>
<tr>
<td title='qa.test.TestPremiseAppTestServerSf.afterMethod()'><b>afterMethod</b><br>Test class: qa.test.TestPremiseAppTestServerSf</td>
<td></td>
<td>0</td>
<td>qa.test.TestPremiseAppTestServerSf@645aa696</td></tr>
<tr>
<td title='qa.test.TestPremiseAppTestServerSfbo.afterMethod()'><b>afterMethod</b><br>Test class: qa.test.TestPremiseAppTestServerSfbo</td>
<td></td>
<td>0</td>
<td>qa.test.TestPremiseAppTestServerSfbo@353352b6</td></tr>
<tr>
<td title='qa.test.TestPremiseAppTestServerSfbo.afterMethod()'><b>afterMethod</b><br>Test class: qa.test.TestPremiseAppTestServerSfbo</td>
<td></td>
<td>0</td>
<td>qa.test.TestPremiseAppTestServerSfbo@353352b6</td></tr>
<tr>
<td title='qa.test.TestPremiseAppTestServerSfbo.afterMethod()'><b>afterMethod</b><br>Test class: qa.test.TestPremiseAppTestServerSfbo</td>
<td></td>
<td>0</td>
<td>qa.test.TestPremiseAppTestServerSfbo@353352b6</td></tr>
<tr>
<td title='qa.test.TestPremiseAppTestServerSfbo.afterMethod()'><b>afterMethod</b><br>Test class: qa.test.TestPremiseAppTestServerSfbo</td>
<td></td>
<td>0</td>
<td>qa.test.TestPremiseAppTestServerSfbo@353352b6</td></tr>
<tr>
<td title='qa.test.TestPremiseAppTestServerSfbo.afterMethod()'><b>afterMethod</b><br>Test class: qa.test.TestPremiseAppTestServerSfbo</td>
<td></td>
<td>0</td>
<td>qa.test.TestPremiseAppTestServerSfbo@353352b6</td></tr>
<tr>
<td title='qa.test.TestPremiseAppTestServerSfbo.afterMethod()'><b>afterMethod</b><br>Test class: qa.test.TestPremiseAppTestServerSfbo</td>
<td></td>
<td>0</td>
<td>qa.test.TestPremiseAppTestServerSfbo@353352b6</td></tr>
<tr>
<td title='qa.test.TestPremiseAppTestServerSfbo.afterMethod()'><b>afterMethod</b><br>Test class: qa.test.TestPremiseAppTestServerSfbo</td>
<td></td>
<td>0</td>
<td>qa.test.TestPremiseAppTestServerSfbo@353352b6</td></tr>
</table><p>
<table width='100%' border='1' class='invocation-skipped'>
<tr><td colspan='4' align='center'><b>SKIPPED TESTS</b></td></tr>
<tr><td><b>Test method</b></td>
<td><b>Attribute(s)</b></td>
<td width="30%"><b>Exception</b></td>
<td width="10%"><b>Time (seconds)</b></td>
<td><b>Instance</b></td>
</tr>
<tr>
<td title='qa.test.TestPremiseAppTestServerSfbo.fillingDesignatedPremisesSupervisor()'><b>fillingDesignatedPremisesSupervisor</b><br>Test class: qa.test.TestPremiseAppTestServerSfbo<br>Parameters: public void qa.test.TestPremiseAppTestServerSfbo.fillingDesignatedPremisesSupervisor(java.lang.reflect.Method)</td>
<td><div><pre>org.testng.TestNGException: 
Parameter &apos;browser&apos; is required by BeforeTest on method beforeTestMethod but has not been marked @Optional or defined
in Z:\Sysnomy\Appl\WestminsterBo\testng.xml
	at java.base/java.util.concurrent.FutureTask.run(FutureTask.java:264)
	at java.base/java.util.concurrent.ThreadPoolExecutor.runWorker(ThreadPoolExecutor.java:1136)
	at java.base/java.util.concurrent.ThreadPoolExecutor$Worker.run(ThreadPoolExecutor.java:635)
	at java.base/java.lang.Thread.run(Thread.java:833)
... Removed 11 stack frames</pre></div><a href='#' onClick='toggleBox("stack-trace1423418390", this, "Click to show all stack frames", "Click to hide stack frames")'>Click to show all stack frames</a>
<div class='stack-trace' id='stack-trace1423418390'><pre>org.testng.TestNGException: 
Parameter &apos;browser&apos; is required by BeforeTest on method beforeTestMethod but has not been marked @Optional or defined
in Z:\Sysnomy\Appl\WestminsterBo\testng.xml
	at org.testng.internal.Parameters.createParams(Parameters.java:267)
	at org.testng.internal.Parameters.createParametersForMethod(Parameters.java:355)
	at org.testng.internal.Parameters.createParameters(Parameters.java:684)
	at org.testng.internal.Parameters.createConfigurationParameters(Parameters.java:166)
	at org.testng.internal.invokers.ConfigInvoker.invokeConfigurations(ConfigInvoker.java:306)
	at org.testng.TestRunner.invokeTestConfigurations(TestRunner.java:663)
	at org.testng.TestRunner.beforeRun(TestRunner.java:652)
	at org.testng.TestRunner.run(TestRunner.java:614)
	at org.testng.SuiteRunner.runTest(SuiteRunner.java:443)
	at org.testng.SuiteRunner$SuiteWorker.run(SuiteRunner.java:481)
	at org.testng.internal.thread.ThreadUtil.lambda$execute$0(ThreadUtil.java:58)
	at java.base/java.util.concurrent.FutureTask.run(FutureTask.java:264)
	at java.base/java.util.concurrent.ThreadPoolExecutor.runWorker(ThreadPoolExecutor.java:1136)
	at java.base/java.util.concurrent.ThreadPoolExecutor$Worker.run(ThreadPoolExecutor.java:635)
	at java.base/java.lang.Thread.run(Thread.java:833)
</pre></div></td>
<td>0</td>
<td>qa.test.TestPremiseAppTestServerSfbo@353352b6</td></tr>
<tr>
<td title='qa.test.TestPremiseAppTestServerSfbo.fillPremisesDetails()'><b>fillPremisesDetails</b><br>Test class: qa.test.TestPremiseAppTestServerSfbo<br>Parameters: public void qa.test.TestPremiseAppTestServerSfbo.fillPremisesDetails(java.lang.reflect.Method)</td>
<td><div><pre>org.testng.TestNGException: 
Parameter &apos;browser&apos; is required by BeforeTest on method beforeTestMethod but has not been marked @Optional or defined
in Z:\Sysnomy\Appl\WestminsterBo\testng.xml
	at java.base/java.util.concurrent.FutureTask.run(FutureTask.java:264)
	at java.base/java.util.concurrent.ThreadPoolExecutor.runWorker(ThreadPoolExecutor.java:1136)
	at java.base/java.util.concurrent.ThreadPoolExecutor$Worker.run(ThreadPoolExecutor.java:635)
	at java.base/java.lang.Thread.run(Thread.java:833)
... Removed 11 stack frames</pre></div><a href='#' onClick='toggleBox("stack-trace830876581", this, "Click to show all stack frames", "Click to hide stack frames")'>Click to show all stack frames</a>
<div class='stack-trace' id='stack-trace830876581'><pre>org.testng.TestNGException: 
Parameter &apos;browser&apos; is required by BeforeTest on method beforeTestMethod but has not been marked @Optional or defined
in Z:\Sysnomy\Appl\WestminsterBo\testng.xml
	at org.testng.internal.Parameters.createParams(Parameters.java:267)
	at org.testng.internal.Parameters.createParametersForMethod(Parameters.java:355)
	at org.testng.internal.Parameters.createParameters(Parameters.java:684)
	at org.testng.internal.Parameters.createConfigurationParameters(Parameters.java:166)
	at org.testng.internal.invokers.ConfigInvoker.invokeConfigurations(ConfigInvoker.java:306)
	at org.testng.TestRunner.invokeTestConfigurations(TestRunner.java:663)
	at org.testng.TestRunner.beforeRun(TestRunner.java:652)
	at org.testng.TestRunner.run(TestRunner.java:614)
	at org.testng.SuiteRunner.runTest(SuiteRunner.java:443)
	at org.testng.SuiteRunner$SuiteWorker.run(SuiteRunner.java:481)
	at org.testng.internal.thread.ThreadUtil.lambda$execute$0(ThreadUtil.java:58)
	at java.base/java.util.concurrent.FutureTask.run(FutureTask.java:264)
	at java.base/java.util.concurrent.ThreadPoolExecutor.runWorker(ThreadPoolExecutor.java:1136)
	at java.base/java.util.concurrent.ThreadPoolExecutor$Worker.run(ThreadPoolExecutor.java:635)
	at java.base/java.lang.Thread.run(Thread.java:833)
</pre></div></td>
<td>0</td>
<td>qa.test.TestPremiseAppTestServerSfbo@353352b6</td></tr>
<tr>
<td title='qa.test.TestPremiseAppTestServerSfbo.fillDeclaration()'><b>fillDeclaration</b><br>Test class: qa.test.TestPremiseAppTestServerSfbo<br>Parameters: public void qa.test.TestPremiseAppTestServerSfbo.fillDeclaration(java.lang.reflect.Method)</td>
<td><div><pre>org.testng.TestNGException: 
Parameter &apos;browser&apos; is required by BeforeTest on method beforeTestMethod but has not been marked @Optional or defined
in Z:\Sysnomy\Appl\WestminsterBo\testng.xml
	at java.base/java.util.concurrent.FutureTask.run(FutureTask.java:264)
	at java.base/java.util.concurrent.ThreadPoolExecutor.runWorker(ThreadPoolExecutor.java:1136)
	at java.base/java.util.concurrent.ThreadPoolExecutor$Worker.run(ThreadPoolExecutor.java:635)
	at java.base/java.lang.Thread.run(Thread.java:833)
... Removed 11 stack frames</pre></div><a href='#' onClick='toggleBox("stack-trace324926398", this, "Click to show all stack frames", "Click to hide stack frames")'>Click to show all stack frames</a>
<div class='stack-trace' id='stack-trace324926398'><pre>org.testng.TestNGException: 
Parameter &apos;browser&apos; is required by BeforeTest on method beforeTestMethod but has not been marked @Optional or defined
in Z:\Sysnomy\Appl\WestminsterBo\testng.xml
	at org.testng.internal.Parameters.createParams(Parameters.java:267)
	at org.testng.internal.Parameters.createParametersForMethod(Parameters.java:355)
	at org.testng.internal.Parameters.createParameters(Parameters.java:684)
	at org.testng.internal.Parameters.createConfigurationParameters(Parameters.java:166)
	at org.testng.internal.invokers.ConfigInvoker.invokeConfigurations(ConfigInvoker.java:306)
	at org.testng.TestRunner.invokeTestConfigurations(TestRunner.java:663)
	at org.testng.TestRunner.beforeRun(TestRunner.java:652)
	at org.testng.TestRunner.run(TestRunner.java:614)
	at org.testng.SuiteRunner.runTest(SuiteRunner.java:443)
	at org.testng.SuiteRunner$SuiteWorker.run(SuiteRunner.java:481)
	at org.testng.internal.thread.ThreadUtil.lambda$execute$0(ThreadUtil.java:58)
	at java.base/java.util.concurrent.FutureTask.run(FutureTask.java:264)
	at java.base/java.util.concurrent.ThreadPoolExecutor.runWorker(ThreadPoolExecutor.java:1136)
	at java.base/java.util.concurrent.ThreadPoolExecutor$Worker.run(ThreadPoolExecutor.java:635)
	at java.base/java.lang.Thread.run(Thread.java:833)
</pre></div></td>
<td>0</td>
<td>qa.test.TestPremiseAppTestServerSfbo@353352b6</td></tr>
<tr>
<td title='qa.test.TestPremiseAppTestServerSfbo.payment()'><b>payment</b><br>Test class: qa.test.TestPremiseAppTestServerSfbo<br>Parameters: public void qa.test.TestPremiseAppTestServerSfbo.payment(java.lang.reflect.Method)</td>
<td><div><pre>org.testng.TestNGException: 
Parameter &apos;browser&apos; is required by BeforeTest on method beforeTestMethod but has not been marked @Optional or defined
in Z:\Sysnomy\Appl\WestminsterBo\testng.xml
	at java.base/java.util.concurrent.FutureTask.run(FutureTask.java:264)
	at java.base/java.util.concurrent.ThreadPoolExecutor.runWorker(ThreadPoolExecutor.java:1136)
	at java.base/java.util.concurrent.ThreadPoolExecutor$Worker.run(ThreadPoolExecutor.java:635)
	at java.base/java.lang.Thread.run(Thread.java:833)
... Removed 11 stack frames</pre></div><a href='#' onClick='toggleBox("stack-trace464243597", this, "Click to show all stack frames", "Click to hide stack frames")'>Click to show all stack frames</a>
<div class='stack-trace' id='stack-trace464243597'><pre>org.testng.TestNGException: 
Parameter &apos;browser&apos; is required by BeforeTest on method beforeTestMethod but has not been marked @Optional or defined
in Z:\Sysnomy\Appl\WestminsterBo\testng.xml
	at org.testng.internal.Parameters.createParams(Parameters.java:267)
	at org.testng.internal.Parameters.createParametersForMethod(Parameters.java:355)
	at org.testng.internal.Parameters.createParameters(Parameters.java:684)
	at org.testng.internal.Parameters.createConfigurationParameters(Parameters.java:166)
	at org.testng.internal.invokers.ConfigInvoker.invokeConfigurations(ConfigInvoker.java:306)
	at org.testng.TestRunner.invokeTestConfigurations(TestRunner.java:663)
	at org.testng.TestRunner.beforeRun(TestRunner.java:652)
	at org.testng.TestRunner.run(TestRunner.java:614)
	at org.testng.SuiteRunner.runTest(SuiteRunner.java:443)
	at org.testng.SuiteRunner$SuiteWorker.run(SuiteRunner.java:481)
	at org.testng.internal.thread.ThreadUtil.lambda$execute$0(ThreadUtil.java:58)
	at java.base/java.util.concurrent.FutureTask.run(FutureTask.java:264)
	at java.base/java.util.concurrent.ThreadPoolExecutor.runWorker(ThreadPoolExecutor.java:1136)
	at java.base/java.util.concurrent.ThreadPoolExecutor$Worker.run(ThreadPoolExecutor.java:635)
	at java.base/java.lang.Thread.run(Thread.java:833)
</pre></div></td>
<td>0</td>
<td>qa.test.TestPremiseAppTestServerSfbo@353352b6</td></tr>
<tr>
<td title='qa.test.TestPremiseAppTestServerSfbo.openLa_03LoginUrl()'><b>openLa_03LoginUrl</b><br>Test class: qa.test.TestPremiseAppTestServerSfbo<br>Parameters: public void qa.test.TestPremiseAppTestServerSfbo.openLa_03LoginUrl(java.lang.reflect.Method)</td>
<td><div><pre>org.testng.TestNGException: 
Parameter &apos;browser&apos; is required by BeforeTest on method beforeTestMethod but has not been marked @Optional or defined
in Z:\Sysnomy\Appl\WestminsterBo\testng.xml
	at java.base/java.util.concurrent.FutureTask.run(FutureTask.java:264)
	at java.base/java.util.concurrent.ThreadPoolExecutor.runWorker(ThreadPoolExecutor.java:1136)
	at java.base/java.util.concurrent.ThreadPoolExecutor$Worker.run(ThreadPoolExecutor.java:635)
	at java.base/java.lang.Thread.run(Thread.java:833)
... Removed 11 stack frames</pre></div><a href='#' onClick='toggleBox("stack-trace1899708912", this, "Click to show all stack frames", "Click to hide stack frames")'>Click to show all stack frames</a>
<div class='stack-trace' id='stack-trace1899708912'><pre>org.testng.TestNGException: 
Parameter &apos;browser&apos; is required by BeforeTest on method beforeTestMethod but has not been marked @Optional or defined
in Z:\Sysnomy\Appl\WestminsterBo\testng.xml
	at org.testng.internal.Parameters.createParams(Parameters.java:267)
	at org.testng.internal.Parameters.createParametersForMethod(Parameters.java:355)
	at org.testng.internal.Parameters.createParameters(Parameters.java:684)
	at org.testng.internal.Parameters.createConfigurationParameters(Parameters.java:166)
	at org.testng.internal.invokers.ConfigInvoker.invokeConfigurations(ConfigInvoker.java:306)
	at org.testng.TestRunner.invokeTestConfigurations(TestRunner.java:663)
	at org.testng.TestRunner.beforeRun(TestRunner.java:652)
	at org.testng.TestRunner.run(TestRunner.java:614)
	at org.testng.SuiteRunner.runTest(SuiteRunner.java:443)
	at org.testng.SuiteRunner$SuiteWorker.run(SuiteRunner.java:481)
	at org.testng.internal.thread.ThreadUtil.lambda$execute$0(ThreadUtil.java:58)
	at java.base/java.util.concurrent.FutureTask.run(FutureTask.java:264)
	at java.base/java.util.concurrent.ThreadPoolExecutor.runWorker(ThreadPoolExecutor.java:1136)
	at java.base/java.util.concurrent.ThreadPoolExecutor$Worker.run(ThreadPoolExecutor.java:635)
	at java.base/java.lang.Thread.run(Thread.java:833)
</pre></div></td>
<td>0</td>
<td>qa.test.TestPremiseAppTestServerSfbo@353352b6</td></tr>
<tr>
<td title='qa.test.TestPremiseAppTestServerSfbo.confirmInformationTrue()'><b>confirmInformationTrue</b><br>Test class: qa.test.TestPremiseAppTestServerSfbo<br>Parameters: public void qa.test.TestPremiseAppTestServerSfbo.confirmInformationTrue(java.lang.reflect.Method)</td>
<td><div><pre>org.testng.TestNGException: 
Parameter &apos;browser&apos; is required by BeforeTest on method beforeTestMethod but has not been marked @Optional or defined
in Z:\Sysnomy\Appl\WestminsterBo\testng.xml
	at java.base/java.util.concurrent.FutureTask.run(FutureTask.java:264)
	at java.base/java.util.concurrent.ThreadPoolExecutor.runWorker(ThreadPoolExecutor.java:1136)
	at java.base/java.util.concurrent.ThreadPoolExecutor$Worker.run(ThreadPoolExecutor.java:635)
	at java.base/java.lang.Thread.run(Thread.java:833)
... Removed 11 stack frames</pre></div><a href='#' onClick='toggleBox("stack-trace845843140", this, "Click to show all stack frames", "Click to hide stack frames")'>Click to show all stack frames</a>
<div class='stack-trace' id='stack-trace845843140'><pre>org.testng.TestNGException: 
Parameter &apos;browser&apos; is required by BeforeTest on method beforeTestMethod but has not been marked @Optional or defined
in Z:\Sysnomy\Appl\WestminsterBo\testng.xml
	at org.testng.internal.Parameters.createParams(Parameters.java:267)
	at org.testng.internal.Parameters.createParametersForMethod(Parameters.java:355)
	at org.testng.internal.Parameters.createParameters(Parameters.java:684)
	at org.testng.internal.Parameters.createConfigurationParameters(Parameters.java:166)
	at org.testng.internal.invokers.ConfigInvoker.invokeConfigurations(ConfigInvoker.java:306)
	at org.testng.TestRunner.invokeTestConfigurations(TestRunner.java:663)
	at org.testng.TestRunner.beforeRun(TestRunner.java:652)
	at org.testng.TestRunner.run(TestRunner.java:614)
	at org.testng.SuiteRunner.runTest(SuiteRunner.java:443)
	at org.testng.SuiteRunner$SuiteWorker.run(SuiteRunner.java:481)
	at org.testng.internal.thread.ThreadUtil.lambda$execute$0(ThreadUtil.java:58)
	at java.base/java.util.concurrent.FutureTask.run(FutureTask.java:264)
	at java.base/java.util.concurrent.ThreadPoolExecutor.runWorker(ThreadPoolExecutor.java:1136)
	at java.base/java.util.concurrent.ThreadPoolExecutor$Worker.run(ThreadPoolExecutor.java:635)
	at java.base/java.lang.Thread.run(Thread.java:833)
</pre></div></td>
<td>0</td>
<td>qa.test.TestPremiseAppTestServerSfbo@353352b6</td></tr>
<tr>
<td title='qa.test.TestPremiseAppTestServerSf.fillOperatingSchedule()'><b>fillOperatingSchedule</b><br>Test class: qa.test.TestPremiseAppTestServerSf<br>Parameters: public void qa.test.TestPremiseAppTestServerSf.fillOperatingSchedule(java.lang.reflect.Method)</td>
<td><div><pre>org.testng.TestNGException: 
Parameter &apos;browser&apos; is required by BeforeTest on method beforeTestMethod but has not been marked @Optional or defined
in Z:\Sysnomy\Appl\WestminsterBo\testng.xml
	at java.base/java.util.concurrent.FutureTask.run(FutureTask.java:264)
	at java.base/java.util.concurrent.ThreadPoolExecutor.runWorker(ThreadPoolExecutor.java:1136)
	at java.base/java.util.concurrent.ThreadPoolExecutor$Worker.run(ThreadPoolExecutor.java:635)
	at java.base/java.lang.Thread.run(Thread.java:833)
... Removed 11 stack frames</pre></div><a href='#' onClick='toggleBox("stack-trace386868416", this, "Click to show all stack frames", "Click to hide stack frames")'>Click to show all stack frames</a>
<div class='stack-trace' id='stack-trace386868416'><pre>org.testng.TestNGException: 
Parameter &apos;browser&apos; is required by BeforeTest on method beforeTestMethod but has not been marked @Optional or defined
in Z:\Sysnomy\Appl\WestminsterBo\testng.xml
	at org.testng.internal.Parameters.createParams(Parameters.java:267)
	at org.testng.internal.Parameters.createParametersForMethod(Parameters.java:355)
	at org.testng.internal.Parameters.createParameters(Parameters.java:684)
	at org.testng.internal.Parameters.createConfigurationParameters(Parameters.java:166)
	at org.testng.internal.invokers.ConfigInvoker.invokeConfigurations(ConfigInvoker.java:306)
	at org.testng.TestRunner.invokeTestConfigurations(TestRunner.java:663)
	at org.testng.TestRunner.beforeRun(TestRunner.java:652)
	at org.testng.TestRunner.run(TestRunner.java:614)
	at org.testng.SuiteRunner.runTest(SuiteRunner.java:443)
	at org.testng.SuiteRunner$SuiteWorker.run(SuiteRunner.java:481)
	at org.testng.internal.thread.ThreadUtil.lambda$execute$0(ThreadUtil.java:58)
	at java.base/java.util.concurrent.FutureTask.run(FutureTask.java:264)
	at java.base/java.util.concurrent.ThreadPoolExecutor.runWorker(ThreadPoolExecutor.java:1136)
	at java.base/java.util.concurrent.ThreadPoolExecutor$Worker.run(ThreadPoolExecutor.java:635)
	at java.base/java.lang.Thread.run(Thread.java:833)
</pre></div></td>
<td>0</td>
<td>qa.test.TestPremiseAppTestServerSf@645aa696</td></tr>
<tr>
<td title='qa.test.TestPremiseAppTestServerSfbo.fillOperatingSchedule()'><b>fillOperatingSchedule</b><br>Test class: qa.test.TestPremiseAppTestServerSfbo<br>Parameters: public void qa.test.TestPremiseAppTestServerSfbo.fillOperatingSchedule(java.lang.reflect.Method)</td>
<td><div><pre>org.testng.TestNGException: 
Parameter &apos;browser&apos; is required by BeforeTest on method beforeTestMethod but has not been marked @Optional or defined
in Z:\Sysnomy\Appl\WestminsterBo\testng.xml
	at java.base/java.util.concurrent.FutureTask.run(FutureTask.java:264)
	at java.base/java.util.concurrent.ThreadPoolExecutor.runWorker(ThreadPoolExecutor.java:1136)
	at java.base/java.util.concurrent.ThreadPoolExecutor$Worker.run(ThreadPoolExecutor.java:635)
	at java.base/java.lang.Thread.run(Thread.java:833)
... Removed 11 stack frames</pre></div><a href='#' onClick='toggleBox("stack-trace65016726", this, "Click to show all stack frames", "Click to hide stack frames")'>Click to show all stack frames</a>
<div class='stack-trace' id='stack-trace65016726'><pre>org.testng.TestNGException: 
Parameter &apos;browser&apos; is required by BeforeTest on method beforeTestMethod but has not been marked @Optional or defined
in Z:\Sysnomy\Appl\WestminsterBo\testng.xml
	at org.testng.internal.Parameters.createParams(Parameters.java:267)
	at org.testng.internal.Parameters.createParametersForMethod(Parameters.java:355)
	at org.testng.internal.Parameters.createParameters(Parameters.java:684)
	at org.testng.internal.Parameters.createConfigurationParameters(Parameters.java:166)
	at org.testng.internal.invokers.ConfigInvoker.invokeConfigurations(ConfigInvoker.java:306)
	at org.testng.TestRunner.invokeTestConfigurations(TestRunner.java:663)
	at org.testng.TestRunner.beforeRun(TestRunner.java:652)
	at org.testng.TestRunner.run(TestRunner.java:614)
	at org.testng.SuiteRunner.runTest(SuiteRunner.java:443)
	at org.testng.SuiteRunner$SuiteWorker.run(SuiteRunner.java:481)
	at org.testng.internal.thread.ThreadUtil.lambda$execute$0(ThreadUtil.java:58)
	at java.base/java.util.concurrent.FutureTask.run(FutureTask.java:264)
	at java.base/java.util.concurrent.ThreadPoolExecutor.runWorker(ThreadPoolExecutor.java:1136)
	at java.base/java.util.concurrent.ThreadPoolExecutor$Worker.run(ThreadPoolExecutor.java:635)
	at java.base/java.lang.Thread.run(Thread.java:833)
</pre></div></td>
<td>0</td>
<td>qa.test.TestPremiseAppTestServerSfbo@353352b6</td></tr>
<tr>
<td title='qa.test.TestPremiseAppTestServerSfbo.fillLicenceObjectives()'><b>fillLicenceObjectives</b><br>Test class: qa.test.TestPremiseAppTestServerSfbo<br>Parameters: public void qa.test.TestPremiseAppTestServerSfbo.fillLicenceObjectives(java.lang.reflect.Method)</td>
<td><div><pre>org.testng.TestNGException: 
Parameter &apos;browser&apos; is required by BeforeTest on method beforeTestMethod but has not been marked @Optional or defined
in Z:\Sysnomy\Appl\WestminsterBo\testng.xml
	at java.base/java.util.concurrent.FutureTask.run(FutureTask.java:264)
	at java.base/java.util.concurrent.ThreadPoolExecutor.runWorker(ThreadPoolExecutor.java:1136)
	at java.base/java.util.concurrent.ThreadPoolExecutor$Worker.run(ThreadPoolExecutor.java:635)
	at java.base/java.lang.Thread.run(Thread.java:833)
... Removed 11 stack frames</pre></div><a href='#' onClick='toggleBox("stack-trace641692361", this, "Click to show all stack frames", "Click to hide stack frames")'>Click to show all stack frames</a>
<div class='stack-trace' id='stack-trace641692361'><pre>org.testng.TestNGException: 
Parameter &apos;browser&apos; is required by BeforeTest on method beforeTestMethod but has not been marked @Optional or defined
in Z:\Sysnomy\Appl\WestminsterBo\testng.xml
	at org.testng.internal.Parameters.createParams(Parameters.java:267)
	at org.testng.internal.Parameters.createParametersForMethod(Parameters.java:355)
	at org.testng.internal.Parameters.createParameters(Parameters.java:684)
	at org.testng.internal.Parameters.createConfigurationParameters(Parameters.java:166)
	at org.testng.internal.invokers.ConfigInvoker.invokeConfigurations(ConfigInvoker.java:306)
	at org.testng.TestRunner.invokeTestConfigurations(TestRunner.java:663)
	at org.testng.TestRunner.beforeRun(TestRunner.java:652)
	at org.testng.TestRunner.run(TestRunner.java:614)
	at org.testng.SuiteRunner.runTest(SuiteRunner.java:443)
	at org.testng.SuiteRunner$SuiteWorker.run(SuiteRunner.java:481)
	at org.testng.internal.thread.ThreadUtil.lambda$execute$0(ThreadUtil.java:58)
	at java.base/java.util.concurrent.FutureTask.run(FutureTask.java:264)
	at java.base/java.util.concurrent.ThreadPoolExecutor.runWorker(ThreadPoolExecutor.java:1136)
	at java.base/java.util.concurrent.ThreadPoolExecutor$Worker.run(ThreadPoolExecutor.java:635)
	at java.base/java.lang.Thread.run(Thread.java:833)
</pre></div></td>
<td>0</td>
<td>qa.test.TestPremiseAppTestServerSfbo@353352b6</td></tr>
<tr>
<td title='qa.test.TestPremiseAppTestServerSfbo.fillBusinessDetails()'><b>fillBusinessDetails</b><br>Test class: qa.test.TestPremiseAppTestServerSfbo<br>Parameters: public void qa.test.TestPremiseAppTestServerSfbo.fillBusinessDetails(java.lang.reflect.Method)</td>
<td><div><pre>org.testng.TestNGException: 
Parameter &apos;browser&apos; is required by BeforeTest on method beforeTestMethod but has not been marked @Optional or defined
in Z:\Sysnomy\Appl\WestminsterBo\testng.xml
	at java.base/java.util.concurrent.FutureTask.run(FutureTask.java:264)
	at java.base/java.util.concurrent.ThreadPoolExecutor.runWorker(ThreadPoolExecutor.java:1136)
	at java.base/java.util.concurrent.ThreadPoolExecutor$Worker.run(ThreadPoolExecutor.java:635)
	at java.base/java.lang.Thread.run(Thread.java:833)
... Removed 11 stack frames</pre></div><a href='#' onClick='toggleBox("stack-trace2084553544", this, "Click to show all stack frames", "Click to hide stack frames")'>Click to show all stack frames</a>
<div class='stack-trace' id='stack-trace2084553544'><pre>org.testng.TestNGException: 
Parameter &apos;browser&apos; is required by BeforeTest on method beforeTestMethod but has not been marked @Optional or defined
in Z:\Sysnomy\Appl\WestminsterBo\testng.xml
	at org.testng.internal.Parameters.createParams(Parameters.java:267)
	at org.testng.internal.Parameters.createParametersForMethod(Parameters.java:355)
	at org.testng.internal.Parameters.createParameters(Parameters.java:684)
	at org.testng.internal.Parameters.createConfigurationParameters(Parameters.java:166)
	at org.testng.internal.invokers.ConfigInvoker.invokeConfigurations(ConfigInvoker.java:306)
	at org.testng.TestRunner.invokeTestConfigurations(TestRunner.java:663)
	at org.testng.TestRunner.beforeRun(TestRunner.java:652)
	at org.testng.TestRunner.run(TestRunner.java:614)
	at org.testng.SuiteRunner.runTest(SuiteRunner.java:443)
	at org.testng.SuiteRunner$SuiteWorker.run(SuiteRunner.java:481)
	at org.testng.internal.thread.ThreadUtil.lambda$execute$0(ThreadUtil.java:58)
	at java.base/java.util.concurrent.FutureTask.run(FutureTask.java:264)
	at java.base/java.util.concurrent.ThreadPoolExecutor.runWorker(ThreadPoolExecutor.java:1136)
	at java.base/java.util.concurrent.ThreadPoolExecutor$Worker.run(ThreadPoolExecutor.java:635)
	at java.base/java.lang.Thread.run(Thread.java:833)
</pre></div></td>
<td>0</td>
<td>qa.test.TestPremiseAppTestServerSfbo@353352b6</td></tr>
<tr>
<td title='qa.test.TestPremiseAppTestServerSfbo.fillingApplicantDetails()'><b>fillingApplicantDetails</b><br>Test class: qa.test.TestPremiseAppTestServerSfbo<br>Parameters: public void qa.test.TestPremiseAppTestServerSfbo.fillingApplicantDetails(java.lang.reflect.Method)</td>
<td><div><pre>org.testng.TestNGException: 
Parameter &apos;browser&apos; is required by BeforeTest on method beforeTestMethod but has not been marked @Optional or defined
in Z:\Sysnomy\Appl\WestminsterBo\testng.xml
	at java.base/java.util.concurrent.FutureTask.run(FutureTask.java:264)
	at java.base/java.util.concurrent.ThreadPoolExecutor.runWorker(ThreadPoolExecutor.java:1136)
	at java.base/java.util.concurrent.ThreadPoolExecutor$Worker.run(ThreadPoolExecutor.java:635)
	at java.base/java.lang.Thread.run(Thread.java:833)
... Removed 11 stack frames</pre></div><a href='#' onClick='toggleBox("stack-trace1799681747", this, "Click to show all stack frames", "Click to hide stack frames")'>Click to show all stack frames</a>
<div class='stack-trace' id='stack-trace1799681747'><pre>org.testng.TestNGException: 
Parameter &apos;browser&apos; is required by BeforeTest on method beforeTestMethod but has not been marked @Optional or defined
in Z:\Sysnomy\Appl\WestminsterBo\testng.xml
	at org.testng.internal.Parameters.createParams(Parameters.java:267)
	at org.testng.internal.Parameters.createParametersForMethod(Parameters.java:355)
	at org.testng.internal.Parameters.createParameters(Parameters.java:684)
	at org.testng.internal.Parameters.createConfigurationParameters(Parameters.java:166)
	at org.testng.internal.invokers.ConfigInvoker.invokeConfigurations(ConfigInvoker.java:306)
	at org.testng.TestRunner.invokeTestConfigurations(TestRunner.java:663)
	at org.testng.TestRunner.beforeRun(TestRunner.java:652)
	at org.testng.TestRunner.run(TestRunner.java:614)
	at org.testng.SuiteRunner.runTest(SuiteRunner.java:443)
	at org.testng.SuiteRunner$SuiteWorker.run(SuiteRunner.java:481)
	at org.testng.internal.thread.ThreadUtil.lambda$execute$0(ThreadUtil.java:58)
	at java.base/java.util.concurrent.FutureTask.run(FutureTask.java:264)
	at java.base/java.util.concurrent.ThreadPoolExecutor.runWorker(ThreadPoolExecutor.java:1136)
	at java.base/java.util.concurrent.ThreadPoolExecutor$Worker.run(ThreadPoolExecutor.java:635)
	at java.base/java.lang.Thread.run(Thread.java:833)
</pre></div></td>
<td>0</td>
<td>qa.test.TestPremiseAppTestServerSfbo@353352b6</td></tr>
<tr>
<td title='qa.test.TestPremiseAppTestServerSfbo.uploadApplicationEvidence()'><b>uploadApplicationEvidence</b><br>Test class: qa.test.TestPremiseAppTestServerSfbo<br>Parameters: public void qa.test.TestPremiseAppTestServerSfbo.uploadApplicationEvidence(java.lang.reflect.Method)</td>
<td><div><pre>org.testng.TestNGException: 
Parameter &apos;browser&apos; is required by BeforeTest on method beforeTestMethod but has not been marked @Optional or defined
in Z:\Sysnomy\Appl\WestminsterBo\testng.xml
	at java.base/java.util.concurrent.FutureTask.run(FutureTask.java:264)
	at java.base/java.util.concurrent.ThreadPoolExecutor.runWorker(ThreadPoolExecutor.java:1136)
	at java.base/java.util.concurrent.ThreadPoolExecutor$Worker.run(ThreadPoolExecutor.java:635)
	at java.base/java.lang.Thread.run(Thread.java:833)
... Removed 11 stack frames</pre></div><a href='#' onClick='toggleBox("stack-trace1719771257", this, "Click to show all stack frames", "Click to hide stack frames")'>Click to show all stack frames</a>
<div class='stack-trace' id='stack-trace1719771257'><pre>org.testng.TestNGException: 
Parameter &apos;browser&apos; is required by BeforeTest on method beforeTestMethod but has not been marked @Optional or defined
in Z:\Sysnomy\Appl\WestminsterBo\testng.xml
	at org.testng.internal.Parameters.createParams(Parameters.java:267)
	at org.testng.internal.Parameters.createParametersForMethod(Parameters.java:355)
	at org.testng.internal.Parameters.createParameters(Parameters.java:684)
	at org.testng.internal.Parameters.createConfigurationParameters(Parameters.java:166)
	at org.testng.internal.invokers.ConfigInvoker.invokeConfigurations(ConfigInvoker.java:306)
	at org.testng.TestRunner.invokeTestConfigurations(TestRunner.java:663)
	at org.testng.TestRunner.beforeRun(TestRunner.java:652)
	at org.testng.TestRunner.run(TestRunner.java:614)
	at org.testng.SuiteRunner.runTest(SuiteRunner.java:443)
	at org.testng.SuiteRunner$SuiteWorker.run(SuiteRunner.java:481)
	at org.testng.internal.thread.ThreadUtil.lambda$execute$0(ThreadUtil.java:58)
	at java.base/java.util.concurrent.FutureTask.run(FutureTask.java:264)
	at java.base/java.util.concurrent.ThreadPoolExecutor.runWorker(ThreadPoolExecutor.java:1136)
	at java.base/java.util.concurrent.ThreadPoolExecutor$Worker.run(ThreadPoolExecutor.java:635)
	at java.base/java.lang.Thread.run(Thread.java:833)
</pre></div></td>
<td>0</td>
<td>qa.test.TestPremiseAppTestServerSfbo@353352b6</td></tr>
<tr>
<td title='qa.test.TestPremiseAppTestServerSf.openLa_03LoginUrl()'><b>openLa_03LoginUrl</b><br>Test class: qa.test.TestPremiseAppTestServerSf<br>Parameters: public void qa.test.TestPremiseAppTestServerSf.openLa_03LoginUrl(java.lang.reflect.Method)</td>
<td><div><pre>org.testng.TestNGException: 
Parameter &apos;browser&apos; is required by BeforeTest on method beforeTestMethod but has not been marked @Optional or defined
in Z:\Sysnomy\Appl\WestminsterBo\testng.xml
	at java.base/java.util.concurrent.FutureTask.run(FutureTask.java:264)
	at java.base/java.util.concurrent.ThreadPoolExecutor.runWorker(ThreadPoolExecutor.java:1136)
	at java.base/java.util.concurrent.ThreadPoolExecutor$Worker.run(ThreadPoolExecutor.java:635)
	at java.base/java.lang.Thread.run(Thread.java:833)
... Removed 11 stack frames</pre></div><a href='#' onClick='toggleBox("stack-trace1786668935", this, "Click to show all stack frames", "Click to hide stack frames")'>Click to show all stack frames</a>
<div class='stack-trace' id='stack-trace1786668935'><pre>org.testng.TestNGException: 
Parameter &apos;browser&apos; is required by BeforeTest on method beforeTestMethod but has not been marked @Optional or defined
in Z:\Sysnomy\Appl\WestminsterBo\testng.xml
	at org.testng.internal.Parameters.createParams(Parameters.java:267)
	at org.testng.internal.Parameters.createParametersForMethod(Parameters.java:355)
	at org.testng.internal.Parameters.createParameters(Parameters.java:684)
	at org.testng.internal.Parameters.createConfigurationParameters(Parameters.java:166)
	at org.testng.internal.invokers.ConfigInvoker.invokeConfigurations(ConfigInvoker.java:306)
	at org.testng.TestRunner.invokeTestConfigurations(TestRunner.java:663)
	at org.testng.TestRunner.beforeRun(TestRunner.java:652)
	at org.testng.TestRunner.run(TestRunner.java:614)
	at org.testng.SuiteRunner.runTest(SuiteRunner.java:443)
	at org.testng.SuiteRunner$SuiteWorker.run(SuiteRunner.java:481)
	at org.testng.internal.thread.ThreadUtil.lambda$execute$0(ThreadUtil.java:58)
	at java.base/java.util.concurrent.FutureTask.run(FutureTask.java:264)
	at java.base/java.util.concurrent.ThreadPoolExecutor.runWorker(ThreadPoolExecutor.java:1136)
	at java.base/java.util.concurrent.ThreadPoolExecutor$Worker.run(ThreadPoolExecutor.java:635)
	at java.base/java.lang.Thread.run(Thread.java:833)
</pre></div></td>
<td>0</td>
<td>qa.test.TestPremiseAppTestServerSf@645aa696</td></tr>
<tr>
<td title='qa.test.TestPremiseAppTestServerSfbo.fillingLicenceDuration()'><b>fillingLicenceDuration</b><br>Test class: qa.test.TestPremiseAppTestServerSfbo<br>Parameters: public void qa.test.TestPremiseAppTestServerSfbo.fillingLicenceDuration(java.lang.reflect.Method)</td>
<td><div><pre>org.testng.TestNGException: 
Parameter &apos;browser&apos; is required by BeforeTest on method beforeTestMethod but has not been marked @Optional or defined
in Z:\Sysnomy\Appl\WestminsterBo\testng.xml
	at java.base/java.util.concurrent.FutureTask.run(FutureTask.java:264)
	at java.base/java.util.concurrent.ThreadPoolExecutor.runWorker(ThreadPoolExecutor.java:1136)
	at java.base/java.util.concurrent.ThreadPoolExecutor$Worker.run(ThreadPoolExecutor.java:635)
	at java.base/java.lang.Thread.run(Thread.java:833)
... Removed 11 stack frames</pre></div><a href='#' onClick='toggleBox("stack-trace1061110022", this, "Click to show all stack frames", "Click to hide stack frames")'>Click to show all stack frames</a>
<div class='stack-trace' id='stack-trace1061110022'><pre>org.testng.TestNGException: 
Parameter &apos;browser&apos; is required by BeforeTest on method beforeTestMethod but has not been marked @Optional or defined
in Z:\Sysnomy\Appl\WestminsterBo\testng.xml
	at org.testng.internal.Parameters.createParams(Parameters.java:267)
	at org.testng.internal.Parameters.createParametersForMethod(Parameters.java:355)
	at org.testng.internal.Parameters.createParameters(Parameters.java:684)
	at org.testng.internal.Parameters.createConfigurationParameters(Parameters.java:166)
	at org.testng.internal.invokers.ConfigInvoker.invokeConfigurations(ConfigInvoker.java:306)
	at org.testng.TestRunner.invokeTestConfigurations(TestRunner.java:663)
	at org.testng.TestRunner.beforeRun(TestRunner.java:652)
	at org.testng.TestRunner.run(TestRunner.java:614)
	at org.testng.SuiteRunner.runTest(SuiteRunner.java:443)
	at org.testng.SuiteRunner$SuiteWorker.run(SuiteRunner.java:481)
	at org.testng.internal.thread.ThreadUtil.lambda$execute$0(ThreadUtil.java:58)
	at java.base/java.util.concurrent.FutureTask.run(FutureTask.java:264)
	at java.base/java.util.concurrent.ThreadPoolExecutor.runWorker(ThreadPoolExecutor.java:1136)
	at java.base/java.util.concurrent.ThreadPoolExecutor$Worker.run(ThreadPoolExecutor.java:635)
	at java.base/java.lang.Thread.run(Thread.java:833)
</pre></div></td>
<td>0</td>
<td>qa.test.TestPremiseAppTestServerSfbo@353352b6</td></tr>
<tr>
<td title='qa.test.TestPremiseAppTestServerSfbo.fillBusinessHours()'><b>fillBusinessHours</b><br>Test class: qa.test.TestPremiseAppTestServerSfbo<br>Parameters: public void qa.test.TestPremiseAppTestServerSfbo.fillBusinessHours(java.lang.reflect.Method)</td>
<td><div><pre>org.testng.TestNGException: 
Parameter &apos;browser&apos; is required by BeforeTest on method beforeTestMethod but has not been marked @Optional or defined
in Z:\Sysnomy\Appl\WestminsterBo\testng.xml
	at java.base/java.util.concurrent.FutureTask.run(FutureTask.java:264)
	at java.base/java.util.concurrent.ThreadPoolExecutor.runWorker(ThreadPoolExecutor.java:1136)
	at java.base/java.util.concurrent.ThreadPoolExecutor$Worker.run(ThreadPoolExecutor.java:635)
	at java.base/java.lang.Thread.run(Thread.java:833)
... Removed 11 stack frames</pre></div><a href='#' onClick='toggleBox("stack-trace156174834", this, "Click to show all stack frames", "Click to hide stack frames")'>Click to show all stack frames</a>
<div class='stack-trace' id='stack-trace156174834'><pre>org.testng.TestNGException: 
Parameter &apos;browser&apos; is required by BeforeTest on method beforeTestMethod but has not been marked @Optional or defined
in Z:\Sysnomy\Appl\WestminsterBo\testng.xml
	at org.testng.internal.Parameters.createParams(Parameters.java:267)
	at org.testng.internal.Parameters.createParametersForMethod(Parameters.java:355)
	at org.testng.internal.Parameters.createParameters(Parameters.java:684)
	at org.testng.internal.Parameters.createConfigurationParameters(Parameters.java:166)
	at org.testng.internal.invokers.ConfigInvoker.invokeConfigurations(ConfigInvoker.java:306)
	at org.testng.TestRunner.invokeTestConfigurations(TestRunner.java:663)
	at org.testng.TestRunner.beforeRun(TestRunner.java:652)
	at org.testng.TestRunner.run(TestRunner.java:614)
	at org.testng.SuiteRunner.runTest(SuiteRunner.java:443)
	at org.testng.SuiteRunner$SuiteWorker.run(SuiteRunner.java:481)
	at org.testng.internal.thread.ThreadUtil.lambda$execute$0(ThreadUtil.java:58)
	at java.base/java.util.concurrent.FutureTask.run(FutureTask.java:264)
	at java.base/java.util.concurrent.ThreadPoolExecutor.runWorker(ThreadPoolExecutor.java:1136)
	at java.base/java.util.concurrent.ThreadPoolExecutor$Worker.run(ThreadPoolExecutor.java:635)
	at java.base/java.lang.Thread.run(Thread.java:833)
</pre></div></td>
<td>0</td>
<td>qa.test.TestPremiseAppTestServerSfbo@353352b6</td></tr>
</table><p>
</body>
</html>