<?xml version="1.0" encoding="UTF-8"?>
<!-- Generated by org.testng.reporters.JUnitXMLReporter -->
<<<<<<< Updated upstream
<testsuite ignored="0" hostname="Gourav" failures="0" tests="3" name="FireFoxTest" time="18.035" errors="0" timestamp="2024-04-05T17:55:50 IST">
  <testcase classname="qa.test.TestSection50" name="OpenWestminsterUrl" time="10.172"/>
  <testcase classname="qa.test.TestSection50" name="performDashboardPageEvents" time="1.787"/>
  <testcase classname="qa.test.TestSection50" name="fillingSection50" time="0.796"/>
=======
<testsuite ignored="5" hostname="Gourav" failures="2" tests="4" name="FireFoxTest" time="28.632" errors="0" timestamp="2024-05-08T16:28:12 IST">
  <testcase classname="common_files.TestSec50UatSfbo" name="OpenWestminsterBoUrl" time="11.437"/>
  <testcase classname="common_files.TestSec50UatSfbo" name="fillBusinessDetails" time="5.204"/>
  <testcase classname="common_files.TestSec50UatSfbo" name="addDeclarations" time="2.316">
    <failure type="junit.framework.ComparisonFailure" message="expected:&amp;lt;Success: Declarations filled successfully&amp;gt; but was:&amp;lt;Error: Unexpected error occurred - Element &amp;lt;button class=&amp;quot;btn btn-primary modalbuttondetails open_declaration&amp;quot; type=&amp;quot;button&amp;quot;&amp;gt; could not be scrolled into view
Build info: version: &amp;apos;4.16.1&amp;apos;, revision: &amp;apos;9b4c83354e&amp;apos;
System info: os.name: &amp;apos;Windows 10&amp;apos;, os.arch: &amp;apos;amd64&amp;apos;, os.version: &amp;apos;10.0&amp;apos;, java.version: &amp;apos;17.0.3&amp;apos;
Driver info: org.openqa.selenium.firefox.FirefoxDriver
Command: [5b79edd3-a347-4445-8001-09e7d8adbd26, clickElement {id=976ac57d-864b-4851-be89-11cc6913540a}]
Capabilities {acceptInsecureCerts: true, browserName: firefox, browserVersion: 123.0, moz:accessibilityChecks: false, moz:buildID: 20240213221259, moz:debuggerAddress: 127.0.0.1:38673, moz:geckodriverVersion: 0.34.0, moz:headless: false, moz:platformVersion: 10.0, moz:processID: 19080, moz:profile: C:\Users\Gaurav\AppData\Loc..., moz:shutdownTimeout: 60000, moz:webdriverClick: true, moz:windowless: false, pageLoadStrategy: normal, platformName: windows, proxy: Proxy(), se:cdp: ws://127.0.0.1:38673/devtoo..., se:cdpVersion: 85.0, setWindowRect: true, strictFileInteractability: false, timeouts: {implicit: 0, pageLoad: 300000, script: 30000}, unhandledPromptBehavior: dismiss and notify}
Element: [[FirefoxDriver: firefox on windows (5b79edd3-a347-4445-8001-09e7d8adbd26)] -&amp;gt; xpath: //button[text()=&amp;apos;Add declaration&amp;apos;]]
Session ID: 5b79edd3-a347-4445-8001-09e7d8adbd26&amp;gt;">
      <![CDATA[junit.framework.ComparisonFailure: expected:<Success: Declarations filled successfully> but was:<Error: Unexpected error occurred - Element <button class="btn btn-primary modalbuttondetails open_declaration" type="button"> could not be scrolled into view
Build info: version: '4.16.1', revision: '9b4c83354e'
System info: os.name: 'Windows 10', os.arch: 'amd64', os.version: '10.0', java.version: '17.0.3'
Driver info: org.openqa.selenium.firefox.FirefoxDriver
Command: [5b79edd3-a347-4445-8001-09e7d8adbd26, clickElement {id=976ac57d-864b-4851-be89-11cc6913540a}]
Capabilities {acceptInsecureCerts: true, browserName: firefox, browserVersion: 123.0, moz:accessibilityChecks: false, moz:buildID: 20240213221259, moz:debuggerAddress: 127.0.0.1:38673, moz:geckodriverVersion: 0.34.0, moz:headless: false, moz:platformVersion: 10.0, moz:processID: 19080, moz:profile: C:\Users\Gaurav\AppData\Loc..., moz:shutdownTimeout: 60000, moz:webdriverClick: true, moz:windowless: false, pageLoadStrategy: normal, platformName: windows, proxy: Proxy(), se:cdp: ws://127.0.0.1:38673/devtoo..., se:cdpVersion: 85.0, setWindowRect: true, strictFileInteractability: false, timeouts: {implicit: 0, pageLoad: 300000, script: 30000}, unhandledPromptBehavior: dismiss and notify}
Element: [[FirefoxDriver: firefox on windows (5b79edd3-a347-4445-8001-09e7d8adbd26)] -> xpath: //button[text()='Add declaration']]
Session ID: 5b79edd3-a347-4445-8001-09e7d8adbd26>
at junit.framework.Assert.assertEquals(Assert.java:81)
at junit.framework.Assert.assertEquals(Assert.java:87)
at common_files.TestSec50UatSfbo.addDeclarations(TestSec50UatSfbo.java:147)
at java.base/java.util.ArrayList.forEach(ArrayList.java:1511)
... Removed 27 stack frames]]>
    </failure>
  </testcase> <!-- addDeclarations -->
  <testcase classname="common_files.TestSec50UatSfbo" name="payFees" time="3.796">
    <failure type="junit.framework.ComparisonFailure" message="expected:&amp;lt;Payment successful&amp;gt; but was:&amp;lt;null&amp;gt;">
      <![CDATA[junit.framework.ComparisonFailure: expected:<Payment successful> but was:<null>
at junit.framework.Assert.assertEquals(Assert.java:81)
at junit.framework.Assert.assertEquals(Assert.java:87)
at common_files.TestSec50UatSfbo.payFees(TestSec50UatSfbo.java:157)
at java.base/java.util.ArrayList.forEach(ArrayList.java:1511)
... Removed 27 stack frames]]>
    </failure>
  </testcase> <!-- payFees -->
  <testcase classname="common_files.TestSec50UatSfbo" name="fillingSiteDetails" time="0.0">
    <ignored/>
  </testcase> <!-- fillingSiteDetails -->
  <testcase classname="common_files.TestSec50UatSfbo" name="fillingApplicationDates" time="0.0">
    <ignored/>
  </testcase> <!-- fillingApplicationDates -->
  <testcase classname="common_files.TestSec50UatSfbo" name="fillOperatorDetails" time="0.0">
    <ignored/>
  </testcase> <!-- fillOperatorDetails -->
  <testcase classname="common_files.TestSec50UatSfbo" name="fillAboutTheWorkSection" time="0.0">
    <ignored/>
  </testcase> <!-- fillAboutTheWorkSection -->
  <testcase classname="common_files.TestSec50UatSfbo" name="fillSupervisorDetails" time="0.0">
    <ignored/>
  </testcase> <!-- fillSupervisorDetails -->
>>>>>>> Stashed changes
</testsuite> <!-- FireFoxTest -->
