<?xml version="1.0" encoding="UTF-8"?>
<!-- Generated by org.testng.reporters.JUnitXMLReporter -->
<testsuite ignored="1" hostname="Gourav" failures="2" tests="8" name="FireFoxTest1" time="98.78" errors="0" timestamp="2024-05-10T16:08:19 IST">
  <testcase classname="qa.test.TestSec50TestServerSfbo" name="OpenWestminsterBoUrl" time="55.545"/>
  <testcase classname="qa.test.TestSec50TestServerSfbo" name="fillBusinessDetails" time="4.609"/>
  <testcase classname="qa.test.TestSec50TestServerSfbo" name="fillingApplicationDates" time="0.048">
    <failure type="junit.framework.ComparisonFailure" message="expected:&amp;lt;Success: Application dates filled successfully. Start date: 25/05/2024 End date: 30/05/2024&amp;gt; but was:&amp;lt;Error: Some error occured Unable to locate element: //h2[text()=&amp;apos;Application&amp;apos;]
For documentation on this error, please visit: https://www.selenium.dev/documentation/webdriver/troubleshooting/errors#no-such-element-exception
Build info: version: &amp;apos;4.16.1&amp;apos;, revision: &amp;apos;9b4c83354e&amp;apos;
System info: os.name: &amp;apos;Windows 10&amp;apos;, os.arch: &amp;apos;amd64&amp;apos;, os.version: &amp;apos;10.0&amp;apos;, java.version: &amp;apos;17.0.3&amp;apos;
Driver info: org.openqa.selenium.firefox.FirefoxDriver
Command: [fa087a17-2b29-45b1-b5a0-1445b0aff2e8, findElement {using=xpath, value=//h2[text()=&amp;apos;Application&amp;apos;]}]
Capabilities {acceptInsecureCerts: true, browserName: firefox, browserVersion: 123.0, moz:accessibilityChecks: false, moz:buildID: 20240213221259, moz:debuggerAddress: 127.0.0.1:12664, moz:geckodriverVersion: 0.34.0, moz:headless: false, moz:platformVersion: 10.0, moz:processID: 25612, moz:profile: C:\Users\Gaurav\AppData\Loc..., moz:shutdownTimeout: 60000, moz:webdriverClick: true, moz:windowless: false, pageLoadStrategy: normal, platformName: windows, proxy: Proxy(), se:cdp: ws://127.0.0.1:12664/devtoo..., se:cdpVersion: 85.0, setWindowRect: true, strictFileInteractability: false, timeouts: {implicit: 0, pageLoad: 300000, script: 30000}, unhandledPromptBehavior: dismiss and notify}
Session ID: fa087a17-2b29-45b1-b5a0-1445b0aff2e8&amp;gt;">
      <![CDATA[junit.framework.ComparisonFailure: expected:<Success: Application dates filled successfully. Start date: 25/05/2024 End date: 30/05/2024> but was:<Error: Some error occured Unable to locate element: //h2[text()='Application']
For documentation on this error, please visit: https://www.selenium.dev/documentation/webdriver/troubleshooting/errors#no-such-element-exception
Build info: version: '4.16.1', revision: '9b4c83354e'
System info: os.name: 'Windows 10', os.arch: 'amd64', os.version: '10.0', java.version: '17.0.3'
Driver info: org.openqa.selenium.firefox.FirefoxDriver
Command: [fa087a17-2b29-45b1-b5a0-1445b0aff2e8, findElement {using=xpath, value=//h2[text()='Application']}]
Capabilities {acceptInsecureCerts: true, browserName: firefox, browserVersion: 123.0, moz:accessibilityChecks: false, moz:buildID: 20240213221259, moz:debuggerAddress: 127.0.0.1:12664, moz:geckodriverVersion: 0.34.0, moz:headless: false, moz:platformVersion: 10.0, moz:processID: 25612, moz:profile: C:\Users\Gaurav\AppData\Loc..., moz:shutdownTimeout: 60000, moz:webdriverClick: true, moz:windowless: false, pageLoadStrategy: normal, platformName: windows, proxy: Proxy(), se:cdp: ws://127.0.0.1:12664/devtoo..., se:cdpVersion: 85.0, setWindowRect: true, strictFileInteractability: false, timeouts: {implicit: 0, pageLoad: 300000, script: 30000}, unhandledPromptBehavior: dismiss and notify}
Session ID: fa087a17-2b29-45b1-b5a0-1445b0aff2e8>
at junit.framework.Assert.assertEquals(Assert.java:81)
at junit.framework.Assert.assertEquals(Assert.java:87)
at qa.test.TestSec50TestServerSfbo.fillingApplicationDates(TestSec50TestServerSfbo.java:68)
at java.base/java.util.ArrayList.forEach(ArrayList.java:1511)
... Removed 27 stack frames]]>
    </failure>
  </testcase> <!-- fillingApplicationDates -->
  <testcase classname="qa.test.TestSec50TestServerSfbo" name="fillAboutTheWorkSection" time="2.777"/>
  <testcase classname="qa.test.TestSec50TestServerSfbo" name="fillSupervisorDetails" time="8.459"/>
  <testcase classname="qa.test.TestSec50TestServerSfbo" name="fillOperatorDetails" time="9.401"/>
  <testcase classname="qa.test.TestSec50TestServerSfbo" name="addDeclarations" time="8.404"/>
  <testcase classname="qa.test.TestSec50TestServerSfbo" name="payFees" time="3.728">
    <failure type="junit.framework.ComparisonFailure" message="expected:&amp;lt;Payment successful&amp;gt; but was:&amp;lt;null&amp;gt;">
      <![CDATA[junit.framework.ComparisonFailure: expected:<Payment successful> but was:<null>
at junit.framework.Assert.assertEquals(Assert.java:81)
at junit.framework.Assert.assertEquals(Assert.java:87)
at qa.test.TestSec50TestServerSfbo.payFees(TestSec50TestServerSfbo.java:158)
at java.base/java.util.ArrayList.forEach(ArrayList.java:1511)
... Removed 27 stack frames]]>
    </failure>
  </testcase> <!-- payFees -->
  <testcase classname="qa.test.TestSec50TestServerSfbo" name="fillingSiteDetails" time="0.0">
    <ignored/>
  </testcase> <!-- fillingSiteDetails -->
</testsuite> <!-- FireFoxTest1 -->
