<?xml version="1.0" encoding="UTF-8"?>
<testng-results ignored="0" total="8" passed="6" failed="2" skipped="0">
  <reporter-output>
  </reporter-output>
  <suite started-at="2024-05-10T16:06:41 IST" name="Suite" finished-at="2024-05-10T16:08:19 IST" duration-ms="98780">
    <groups>
    </groups>
    <test started-at="2024-05-10T16:06:41 IST" name="FireFoxTest1" finished-at="2024-05-10T16:08:19 IST" duration-ms="98780">
      <class name="qa.test.TestSec50TestServerSfbo">
        <test-method is-config="true" signature="beforeTestMethod(java.lang.String)[pri:0, instance:qa.test.TestSec50TestServerSfbo@2cb4893b]" started-at="2024-05-10T16:06:41 IST" name="beforeTestMethod" finished-at="2024-05-10T16:06:46 IST" duration-ms="5097" status="PASS">
          <params>
            <param index="0">
              <value>
                <![CDATA[firefox]]>
              </value>
            </param>
          </params>
          <reporter-output>
          </reporter-output>
        </test-method> <!-- beforeTestMethod -->
        <test-method signature="OpenWestminsterBoUrl(java.lang.reflect.Method)[pri:49, instance:qa.test.TestSec50TestServerSfbo@2cb4893b]" started-at="2024-05-10T16:06:46 IST" name="OpenWestminsterBoUrl" finished-at="2024-05-10T16:07:41 IST" duration-ms="55545" status="PASS">
          <params>
            <param index="0">
              <value>
                <![CDATA[public void qa.test.TestSec50TestServerSfbo.OpenWestminsterBoUrl(java.lang.reflect.Method)]]>
              </value>
            </param>
          </params>
          <reporter-output>
          </reporter-output>
        </test-method> <!-- OpenWestminsterBoUrl -->
        <test-method is-config="true" signature="afterMethod(org.testng.ITestResult)[pri:0, instance:qa.test.TestSec50TestServerSfbo@2cb4893b]" started-at="2024-05-10T16:07:41 IST" name="afterMethod" finished-at="2024-05-10T16:07:41 IST" duration-ms="4" status="PASS">
          <params>
            <param index="0">
              <value>
                <![CDATA[[TestResult name=OpenWestminsterBoUrl status=SUCCESS method=TestSec50TestServerSfbo.OpenWestminsterBoUrl(java.lang.reflect.Method)[pri:49, instance:qa.test.TestSec50TestServerSfbo@2cb4893b] output={null}]]]>
              </value>
            </param>
          </params>
          <reporter-output>
          </reporter-output>
        </test-method> <!-- afterMethod -->
        <test-method signature="fillBusinessDetails(java.lang.reflect.Method)[pri:50, instance:qa.test.TestSec50TestServerSfbo@2cb4893b]" started-at="2024-05-10T16:07:41 IST" name="fillBusinessDetails" finished-at="2024-05-10T16:07:46 IST" duration-ms="4609" status="PASS">
          <params>
            <param index="0">
              <value>
                <![CDATA[public void qa.test.TestSec50TestServerSfbo.fillBusinessDetails(java.lang.reflect.Method)]]>
              </value>
            </param>
          </params>
          <reporter-output>
          </reporter-output>
        </test-method> <!-- fillBusinessDetails -->
        <test-method is-config="true" signature="afterMethod(org.testng.ITestResult)[pri:0, instance:qa.test.TestSec50TestServerSfbo@2cb4893b]" started-at="2024-05-10T16:07:46 IST" name="afterMethod" finished-at="2024-05-10T16:07:46 IST" duration-ms="0" status="PASS">
          <params>
            <param index="0">
              <value>
                <![CDATA[[TestResult name=fillBusinessDetails status=SUCCESS method=TestSec50TestServerSfbo.fillBusinessDetails(java.lang.reflect.Method)[pri:50, instance:qa.test.TestSec50TestServerSfbo@2cb4893b] output={null}]]]>
              </value>
            </param>
          </params>
          <reporter-output>
          </reporter-output>
        </test-method> <!-- afterMethod -->
        <test-method signature="fillingApplicationDates(java.lang.reflect.Method)[pri:51, instance:qa.test.TestSec50TestServerSfbo@2cb4893b]" started-at="2024-05-10T16:07:46 IST" name="fillingApplicationDates" finished-at="2024-05-10T16:07:46 IST" duration-ms="48" status="FAIL">
          <params>
            <param index="0">
              <value>
                <![CDATA[public void qa.test.TestSec50TestServerSfbo.fillingApplicationDates(java.lang.reflect.Method)]]>
              </value>
            </param>
          </params>
          <exception class="junit.framework.ComparisonFailure">
            <message>
              <![CDATA[expected:<Success: Application dates filled successfully. Start date: 25/05/2024 End date: 30/05/2024> but was:<Error: Some error occured Unable to locate element: //h2[text()='Application']
For documentation on this error, please visit: https://www.selenium.dev/documentation/webdriver/troubleshooting/errors#no-such-element-exception
Build info: version: '4.16.1', revision: '9b4c83354e'
System info: os.name: 'Windows 10', os.arch: 'amd64', os.version: '10.0', java.version: '17.0.3'
Driver info: org.openqa.selenium.firefox.FirefoxDriver
Command: [fa087a17-2b29-45b1-b5a0-1445b0aff2e8, findElement {using=xpath, value=//h2[text()='Application']}]
Capabilities {acceptInsecureCerts: true, browserName: firefox, browserVersion: 123.0, moz:accessibilityChecks: false, moz:buildID: 20240213221259, moz:debuggerAddress: 127.0.0.1:12664, moz:geckodriverVersion: 0.34.0, moz:headless: false, moz:platformVersion: 10.0, moz:processID: 25612, moz:profile: C:\Users\Gaurav\AppData\Loc..., moz:shutdownTimeout: 60000, moz:webdriverClick: true, moz:windowless: false, pageLoadStrategy: normal, platformName: windows, proxy: Proxy(), se:cdp: ws://127.0.0.1:12664/devtoo..., se:cdpVersion: 85.0, setWindowRect: true, strictFileInteractability: false, timeouts: {implicit: 0, pageLoad: 300000, script: 30000}, unhandledPromptBehavior: dismiss and notify}
Session ID: fa087a17-2b29-45b1-b5a0-1445b0aff2e8>]]>
            </message>
            <full-stacktrace>
              <![CDATA[junit.framework.ComparisonFailure: expected:<Success: Application dates filled successfully. Start date: 25/05/2024 End date: 30/05/2024> but was:<Error: Some error occured Unable to locate element: //h2[text()='Application']
For documentation on this error, please visit: https://www.selenium.dev/documentation/webdriver/troubleshooting/errors#no-such-element-exception
Build info: version: '4.16.1', revision: '9b4c83354e'
System info: os.name: 'Windows 10', os.arch: 'amd64', os.version: '10.0', java.version: '17.0.3'
Driver info: org.openqa.selenium.firefox.FirefoxDriver
Command: [fa087a17-2b29-45b1-b5a0-1445b0aff2e8, findElement {using=xpath, value=//h2[text()='Application']}]
Capabilities {acceptInsecureCerts: true, browserName: firefox, browserVersion: 123.0, moz:accessibilityChecks: false, moz:buildID: 20240213221259, moz:debuggerAddress: 127.0.0.1:12664, moz:geckodriverVersion: 0.34.0, moz:headless: false, moz:platformVersion: 10.0, moz:processID: 25612, moz:profile: C:\Users\Gaurav\AppData\Loc..., moz:shutdownTimeout: 60000, moz:webdriverClick: true, moz:windowless: false, pageLoadStrategy: normal, platformName: windows, proxy: Proxy(), se:cdp: ws://127.0.0.1:12664/devtoo..., se:cdpVersion: 85.0, setWindowRect: true, strictFileInteractability: false, timeouts: {implicit: 0, pageLoad: 300000, script: 30000}, unhandledPromptBehavior: dismiss and notify}
Session ID: fa087a17-2b29-45b1-b5a0-1445b0aff2e8>
at junit.framework.Assert.assertEquals(Assert.java:81)
at junit.framework.Assert.assertEquals(Assert.java:87)
at qa.test.TestSec50TestServerSfbo.fillingApplicationDates(TestSec50TestServerSfbo.java:68)
at java.base/jdk.internal.reflect.NativeMethodAccessorImpl.invoke0(Native Method)
at java.base/jdk.internal.reflect.NativeMethodAccessorImpl.invoke(NativeMethodAccessorImpl.java:77)
at java.base/jdk.internal.reflect.DelegatingMethodAccessorImpl.invoke(DelegatingMethodAccessorImpl.java:43)
at java.base/java.lang.reflect.Method.invoke(Method.java:568)
at org.testng.internal.invokers.MethodInvocationHelper.invokeMethod(MethodInvocationHelper.java:139)
at org.testng.internal.invokers.TestInvoker.invokeMethod(TestInvoker.java:664)
at org.testng.internal.invokers.TestInvoker.invokeTestMethod(TestInvoker.java:227)
at org.testng.internal.invokers.MethodRunner.runInSequence(MethodRunner.java:50)
at org.testng.internal.invokers.TestInvoker$MethodInvocationAgent.invoke(TestInvoker.java:957)
at org.testng.internal.invokers.TestInvoker.invokeTestMethods(TestInvoker.java:200)
at org.testng.internal.invokers.TestMethodWorker.invokeTestMethods(TestMethodWorker.java:148)
at org.testng.internal.invokers.TestMethodWorker.run(TestMethodWorker.java:128)
at java.base/java.util.ArrayList.forEach(ArrayList.java:1511)
at org.testng.TestRunner.privateRun(TestRunner.java:848)
at org.testng.TestRunner.run(TestRunner.java:621)
at org.testng.SuiteRunner.runTest(SuiteRunner.java:443)
at org.testng.SuiteRunner.runSequentially(SuiteRunner.java:437)
at org.testng.SuiteRunner.privateRun(SuiteRunner.java:397)
at org.testng.SuiteRunner.run(SuiteRunner.java:336)
at org.testng.SuiteRunnerWorker.runSuite(SuiteRunnerWorker.java:52)
at org.testng.SuiteRunnerWorker.run(SuiteRunnerWorker.java:95)
at org.testng.TestNG.runSuitesSequentially(TestNG.java:1280)
at org.testng.TestNG.runSuitesLocally(TestNG.java:1200)
at org.testng.TestNG.runSuites(TestNG.java:1114)
at org.testng.TestNG.run(TestNG.java:1082)
at org.testng.remote.AbstractRemoteTestNG.run(AbstractRemoteTestNG.java:115)
at org.testng.remote.RemoteTestNG.initAndRun(RemoteTestNG.java:251)
at org.testng.remote.RemoteTestNG.main(RemoteTestNG.java:77)
]]>
            </full-stacktrace>
          </exception> <!-- junit.framework.ComparisonFailure -->
          <reporter-output>
          </reporter-output>
        </test-method> <!-- fillingApplicationDates -->
        <test-method is-config="true" signature="afterMethod(org.testng.ITestResult)[pri:0, instance:qa.test.TestSec50TestServerSfbo@2cb4893b]" started-at="2024-05-10T16:07:46 IST" name="afterMethod" finished-at="2024-05-10T16:07:46 IST" duration-ms="232" status="PASS">
          <params>
            <param index="0">
              <value>
                <![CDATA[[TestResult name=fillingApplicationDates status=FAILURE method=TestSec50TestServerSfbo.fillingApplicationDates(java.lang.reflect.Method)[pri:51, instance:qa.test.TestSec50TestServerSfbo@2cb4893b] output={null}]]]>
              </value>
            </param>
          </params>
          <reporter-output>
          </reporter-output>
        </test-method> <!-- afterMethod -->
        <test-method signature="fillAboutTheWorkSection(java.lang.reflect.Method)[pri:53, instance:qa.test.TestSec50TestServerSfbo@2cb4893b]" started-at="2024-05-10T16:07:46 IST" name="fillAboutTheWorkSection" finished-at="2024-05-10T16:07:49 IST" duration-ms="2777" status="PASS">
          <params>
            <param index="0">
              <value>
                <![CDATA[public void qa.test.TestSec50TestServerSfbo.fillAboutTheWorkSection(java.lang.reflect.Method)]]>
              </value>
            </param>
          </params>
          <reporter-output>
          </reporter-output>
        </test-method> <!-- fillAboutTheWorkSection -->
        <test-method is-config="true" signature="afterMethod(org.testng.ITestResult)[pri:0, instance:qa.test.TestSec50TestServerSfbo@2cb4893b]" started-at="2024-05-10T16:07:49 IST" name="afterMethod" finished-at="2024-05-10T16:07:49 IST" duration-ms="1" status="PASS">
          <params>
            <param index="0">
              <value>
                <![CDATA[[TestResult name=fillAboutTheWorkSection status=SUCCESS method=TestSec50TestServerSfbo.fillAboutTheWorkSection(java.lang.reflect.Method)[pri:53, instance:qa.test.TestSec50TestServerSfbo@2cb4893b] output={null}]]]>
              </value>
            </param>
          </params>
          <reporter-output>
          </reporter-output>
        </test-method> <!-- afterMethod -->
        <test-method signature="fillSupervisorDetails(java.lang.reflect.Method)[pri:54, instance:qa.test.TestSec50TestServerSfbo@2cb4893b]" started-at="2024-05-10T16:07:49 IST" name="fillSupervisorDetails" finished-at="2024-05-10T16:07:57 IST" duration-ms="8459" status="PASS">
          <params>
            <param index="0">
              <value>
                <![CDATA[public void qa.test.TestSec50TestServerSfbo.fillSupervisorDetails(java.lang.reflect.Method)]]>
              </value>
            </param>
          </params>
          <reporter-output>
          </reporter-output>
        </test-method> <!-- fillSupervisorDetails -->
        <test-method is-config="true" signature="afterMethod(org.testng.ITestResult)[pri:0, instance:qa.test.TestSec50TestServerSfbo@2cb4893b]" started-at="2024-05-10T16:07:57 IST" name="afterMethod" finished-at="2024-05-10T16:07:57 IST" duration-ms="1" status="PASS">
          <params>
            <param index="0">
              <value>
                <![CDATA[[TestResult name=fillSupervisorDetails status=SUCCESS method=TestSec50TestServerSfbo.fillSupervisorDetails(java.lang.reflect.Method)[pri:54, instance:qa.test.TestSec50TestServerSfbo@2cb4893b] output={null}]]]>
              </value>
            </param>
          </params>
          <reporter-output>
          </reporter-output>
        </test-method> <!-- afterMethod -->
        <test-method signature="fillOperatorDetails(java.lang.reflect.Method)[pri:55, instance:qa.test.TestSec50TestServerSfbo@2cb4893b]" started-at="2024-05-10T16:07:57 IST" name="fillOperatorDetails" finished-at="2024-05-10T16:08:07 IST" duration-ms="9401" status="PASS">
          <params>
            <param index="0">
              <value>
                <![CDATA[public void qa.test.TestSec50TestServerSfbo.fillOperatorDetails(java.lang.reflect.Method)]]>
              </value>
            </param>
          </params>
          <reporter-output>
          </reporter-output>
        </test-method> <!-- fillOperatorDetails -->
        <test-method is-config="true" signature="afterMethod(org.testng.ITestResult)[pri:0, instance:qa.test.TestSec50TestServerSfbo@2cb4893b]" started-at="2024-05-10T16:08:07 IST" name="afterMethod" finished-at="2024-05-10T16:08:07 IST" duration-ms="1" status="PASS">
          <params>
            <param index="0">
              <value>
                <![CDATA[[TestResult name=fillOperatorDetails status=SUCCESS method=TestSec50TestServerSfbo.fillOperatorDetails(java.lang.reflect.Method)[pri:55, instance:qa.test.TestSec50TestServerSfbo@2cb4893b] output={null}]]]>
              </value>
            </param>
          </params>
          <reporter-output>
          </reporter-output>
        </test-method> <!-- afterMethod -->
        <test-method signature="addDeclarations(java.lang.reflect.Method)[pri:56, instance:qa.test.TestSec50TestServerSfbo@2cb4893b]" started-at="2024-05-10T16:08:07 IST" name="addDeclarations" finished-at="2024-05-10T16:08:15 IST" duration-ms="8404" status="PASS">
          <params>
            <param index="0">
              <value>
                <![CDATA[public void qa.test.TestSec50TestServerSfbo.addDeclarations(java.lang.reflect.Method)]]>
              </value>
            </param>
          </params>
          <reporter-output>
          </reporter-output>
        </test-method> <!-- addDeclarations -->
        <test-method is-config="true" signature="afterMethod(org.testng.ITestResult)[pri:0, instance:qa.test.TestSec50TestServerSfbo@2cb4893b]" started-at="2024-05-10T16:08:15 IST" name="afterMethod" finished-at="2024-05-10T16:08:15 IST" duration-ms="1" status="PASS">
          <params>
            <param index="0">
              <value>
                <![CDATA[[TestResult name=addDeclarations status=SUCCESS method=TestSec50TestServerSfbo.addDeclarations(java.lang.reflect.Method)[pri:56, instance:qa.test.TestSec50TestServerSfbo@2cb4893b] output={null}]]]>
              </value>
            </param>
          </params>
          <reporter-output>
          </reporter-output>
        </test-method> <!-- afterMethod -->
        <test-method signature="payFees(java.lang.reflect.Method)[pri:57, instance:qa.test.TestSec50TestServerSfbo@2cb4893b]" started-at="2024-05-10T16:08:15 IST" name="payFees" finished-at="2024-05-10T16:08:19 IST" duration-ms="3728" status="FAIL">
          <params>
            <param index="0">
              <value>
                <![CDATA[public void qa.test.TestSec50TestServerSfbo.payFees(java.lang.reflect.Method)]]>
              </value>
            </param>
          </params>
          <exception class="junit.framework.ComparisonFailure">
            <message>
              <![CDATA[expected:<Payment successful> but was:<null>]]>
            </message>
            <full-stacktrace>
              <![CDATA[junit.framework.ComparisonFailure: expected:<Payment successful> but was:<null>
at junit.framework.Assert.assertEquals(Assert.java:81)
at junit.framework.Assert.assertEquals(Assert.java:87)
at qa.test.TestSec50TestServerSfbo.payFees(TestSec50TestServerSfbo.java:158)
at java.base/jdk.internal.reflect.NativeMethodAccessorImpl.invoke0(Native Method)
at java.base/jdk.internal.reflect.NativeMethodAccessorImpl.invoke(NativeMethodAccessorImpl.java:77)
at java.base/jdk.internal.reflect.DelegatingMethodAccessorImpl.invoke(DelegatingMethodAccessorImpl.java:43)
at java.base/java.lang.reflect.Method.invoke(Method.java:568)
at org.testng.internal.invokers.MethodInvocationHelper.invokeMethod(MethodInvocationHelper.java:139)
at org.testng.internal.invokers.TestInvoker.invokeMethod(TestInvoker.java:664)
at org.testng.internal.invokers.TestInvoker.invokeTestMethod(TestInvoker.java:227)
at org.testng.internal.invokers.MethodRunner.runInSequence(MethodRunner.java:50)
at org.testng.internal.invokers.TestInvoker$MethodInvocationAgent.invoke(TestInvoker.java:957)
at org.testng.internal.invokers.TestInvoker.invokeTestMethods(TestInvoker.java:200)
at org.testng.internal.invokers.TestMethodWorker.invokeTestMethods(TestMethodWorker.java:148)
at org.testng.internal.invokers.TestMethodWorker.run(TestMethodWorker.java:128)
at java.base/java.util.ArrayList.forEach(ArrayList.java:1511)
at org.testng.TestRunner.privateRun(TestRunner.java:848)
at org.testng.TestRunner.run(TestRunner.java:621)
at org.testng.SuiteRunner.runTest(SuiteRunner.java:443)
at org.testng.SuiteRunner.runSequentially(SuiteRunner.java:437)
at org.testng.SuiteRunner.privateRun(SuiteRunner.java:397)
at org.testng.SuiteRunner.run(SuiteRunner.java:336)
at org.testng.SuiteRunnerWorker.runSuite(SuiteRunnerWorker.java:52)
at org.testng.SuiteRunnerWorker.run(SuiteRunnerWorker.java:95)
at org.testng.TestNG.runSuitesSequentially(TestNG.java:1280)
at org.testng.TestNG.runSuitesLocally(TestNG.java:1200)
at org.testng.TestNG.runSuites(TestNG.java:1114)
at org.testng.TestNG.run(TestNG.java:1082)
at org.testng.remote.AbstractRemoteTestNG.run(AbstractRemoteTestNG.java:115)
at org.testng.remote.RemoteTestNG.initAndRun(RemoteTestNG.java:251)
at org.testng.remote.RemoteTestNG.main(RemoteTestNG.java:77)
]]>
            </full-stacktrace>
          </exception> <!-- junit.framework.ComparisonFailure -->
          <reporter-output>
          </reporter-output>
        </test-method> <!-- payFees -->
        <test-method is-config="true" signature="afterMethod(org.testng.ITestResult)[pri:0, instance:qa.test.TestSec50TestServerSfbo@2cb4893b]" started-at="2024-05-10T16:08:19 IST" name="afterMethod" finished-at="2024-05-10T16:08:19 IST" duration-ms="55" status="PASS">
          <params>
            <param index="0">
              <value>
                <![CDATA[[TestResult name=payFees status=FAILURE method=TestSec50TestServerSfbo.payFees(java.lang.reflect.Method)[pri:57, instance:qa.test.TestSec50TestServerSfbo@2cb4893b] output={null}]]]>
              </value>
            </param>
          </params>
          <reporter-output>
          </reporter-output>
        </test-method> <!-- afterMethod -->
        <test-method is-config="true" signature="afterTest()[pri:0, instance:qa.test.TestSec50TestServerSfbo@2cb4893b]" started-at="2024-05-10T16:08:19 IST" name="afterTest" finished-at="2024-05-10T16:08:19 IST" duration-ms="347" status="PASS">
          <reporter-output>
          </reporter-output>
        </test-method> <!-- afterTest -->
      </class> <!-- qa.test.TestSec50TestServerSfbo -->
    </test> <!-- FireFoxTest1 -->
  </suite> <!-- Suite -->
</testng-results>
