<?xml version="1.0" encoding="UTF-8"?>
<!-- Generated by org.testng.reporters.JUnitReportReporter -->
<testsuite hostname="Gourav" failures="0" tests="11" name="qa.test.TestSec50UatSf" time="-1716151680.000" errors="1" timestamp="2024-05-20T02:17:42 IST" skipped="10">
  <testcase classname="qa.test.TestSec50UatSf" name="beforeTestMethod" time="-1716151680.000">
    <error message="
Parameter &#039;browser&#039; is required by BeforeTest on method beforeTestMethod but has not been marked @Optional or defined
in Z:\Sysnomy\Appl\WestminsterBo\testng.xml" type="org.testng.TestNGException">
      <![CDATA[org.testng.TestNGException: 
Parameter 'browser' is required by BeforeTest on method beforeTestMethod but has not been marked @Optional or defined
in Z:\Sysnomy\Appl\WestminsterBo\testng.xml
at org.testng.internal.Parameters.createParams(Parameters.java:267)
at org.testng.internal.Parameters.createParametersForMethod(Parameters.java:355)
at org.testng.internal.Parameters.createParameters(Parameters.java:684)
at org.testng.internal.Parameters.createConfigurationParameters(Parameters.java:166)
at org.testng.internal.invokers.ConfigInvoker.invokeConfigurations(ConfigInvoker.java:306)
at org.testng.TestRunner.invokeTestConfigurations(TestRunner.java:663)
at org.testng.TestRunner.beforeRun(TestRunner.java:652)
at org.testng.TestRunner.run(TestRunner.java:614)
at org.testng.SuiteRunner.runTest(SuiteRunner.java:443)
at org.testng.SuiteRunner$SuiteWorker.run(SuiteRunner.java:481)
at org.testng.internal.thread.ThreadUtil.lambda$execute$0(ThreadUtil.java:58)
at java.base/java.util.concurrent.FutureTask.run(FutureTask.java:264)
at java.base/java.util.concurrent.ThreadPoolExecutor.runWorker(ThreadPoolExecutor.java:1136)
at java.base/java.util.concurrent.ThreadPoolExecutor$Worker.run(ThreadPoolExecutor.java:635)
at java.base/java.lang.Thread.run(Thread.java:833)
]]>
    </error>
  </testcase> <!-- beforeTestMethod -->
  <testcase classname="qa.test.TestSec50UatSf" name="OpenWestminsterBoUrl" time="0.001">
    <skipped/>
  </testcase> <!-- OpenWestminsterBoUrl -->
  <testcase classname="qa.test.TestSec50UatSf" name="confirmInformationTrue" time="0.000">
    <skipped/>
  </testcase> <!-- confirmInformationTrue -->
  <testcase classname="qa.test.TestSec50UatSf" name="fillingApplicationDates" time="0.000">
    <skipped/>
  </testcase> <!-- fillingApplicationDates -->
  <testcase classname="qa.test.TestSec50UatSf" name="fillingSiteDetails" time="0.001">
    <skipped/>
  </testcase> <!-- fillingSiteDetails -->
  <testcase classname="qa.test.TestSec50UatSf" name="fillAboutTheWorkSection" time="0.000">
    <skipped/>
  </testcase> <!-- fillAboutTheWorkSection -->
  <testcase classname="qa.test.TestSec50UatSf" name="fillSupervisorDetails" time="0.000">
    <skipped/>
  </testcase> <!-- fillSupervisorDetails -->
  <testcase classname="qa.test.TestSec50UatSf" name="fillOperatorDetails" time="0.000">
    <skipped/>
  </testcase> <!-- fillOperatorDetails -->
  <testcase classname="qa.test.TestSec50UatSf" name="addDeclarations" time="0.000">
    <skipped/>
  </testcase> <!-- addDeclarations -->
  <testcase classname="qa.test.TestSec50UatSf" name="checkOrderSummary" time="0.000">
    <skipped/>
  </testcase> <!-- checkOrderSummary -->
  <testcase classname="qa.test.TestSec50UatSf" name="payFees">
    <skipped/>
  </testcase> <!-- payFees -->
</testsuite> <!-- qa.test.TestSec50UatSf -->
